
> jolbondhu-citizen@1.0.0 dev
> vite


  [32m[1mVITE[22m v5.4.21[39m  [2mready in [0m[1m344[22m[2m[0m ms[22m

  [32m➜[39m  [1mLocal[22m:   [36mhttp://localhost:[1m5174[22m/[39m
[2m  [32m➜[39m  [1mNetwork[22m[2m: use [22m[1m--host[22m[2m to expose[22m
[2m4:59:20 PM[22m [31m[1m[vite][22m[39m Pre-transform error: D:\HACKATHON\JolBondhuApp\src\components\LocationPermissionModal.jsx: Unexpected token, expected ":" (192:75)

[0m [90m 190 |[39m             [33m<[39m[33mp[39m className[33m=[39m[32m"text-gray-500 dark:text-slate-400 mb-4"[39m[33m>[39m
 [90m 191 |[39m               {language [33m===[39m [32m'as'[39m
[31m[1m>[22m[39m[90m 192 |[39m                 [33m?[39m [32m'অৱস্থান অনুমতি অস্বীকৃত হৈছে। কিছুমান বৈশিষ্ট্য সীমিত হ'[39mব।[32m'[39m
 [90m     |[39m                                                                            [31m[1m^[22m[39m
 [90m 193 |[39m                 [33m:[39m [32m'Location permission was denied. Some features will be limited.'[39m}
 [90m 194 |[39m             [33m<[39m[33m/[39m[33mp[39m[33m>[39m
 [90m 195 |[39m             [33m<[39m[33mdiv[39m className[33m=[39m[32m"bg-yellow-50 dark:bg-yellow-900/20 border border-yellow-200 dark:border-yellow-800 rounded-xl p-4 mb-6"[39m[33m>[39m[0m
[2m5:00:07 PM[22m [31m[1m[vite][22m[39m [31mInternal server error: D:\HACKATHON\JolBondhuApp\src\components\LocationPermissionModal.jsx: Unexpected token, expected ":" (192:75)

[0m [90m 190 |[31m             [33m<[31m[33mp[31m className[33m=[31m[32m"text-gray-500 dark:text-slate-400 mb-4"[31m[33m>[31m
 [90m 191 |[31m               {language [33m===[31m [32m'as'[31m
[31m[1m>[22m[31m[90m 192 |[31m                 [33m?[31m [32m'অৱস্থান অনুমতি অস্বীকৃত হৈছে। কিছুমান বৈশিষ্ট্য সীমিত হ'[31mব।[32m'[31m
 [90m     |[31m                                                                            [31m[1m^[22m[31m
 [90m 193 |[31m                 [33m:[31m [32m'Location permission was denied. Some features will be limited.'[31m}
 [90m 194 |[31m             [33m<[31m[33m/[31m[33mp[31m[33m>[31m
 [90m 195 |[31m             [33m<[31m[33mdiv[31m className[33m=[31m[32m"bg-yellow-50 dark:bg-yellow-900/20 border border-yellow-200 dark:border-yellow-800 rounded-xl p-4 mb-6"[31m[33m>[31m[0m[39m
  Plugin: [35mvite:react-babel[39m
  File: [36mD:/HACKATHON/JolBondhuApp/src/components/LocationPermissionModal.jsx[39m:192:75
[33m  190|              <p className="text-gray-500 dark:text-slate-400 mb-4">
  191|                {language === 'as'
  192|                  ? 'অৱস্থান অনুমতি অস্বীকৃত হৈছে। কিছুমান বৈশিষ্ট্য সীমিত হ'ব।'
     |                                                                             ^
  193|                  : 'Location permission was denied. Some features will be limited.'}
  194|              </p>[39m
      at constructor (D:\HACKATHON\JolBondhuApp\node_modules\@babel\parser\lib\index.js:365:19)
      at JSXParserMixin.raise (D:\HACKATHON\JolBondhuApp\node_modules\@babel\parser\lib\index.js:6599:19)
      at JSXParserMixin.unexpected (D:\HACKATHON\JolBondhuApp\node_modules\@babel\parser\lib\index.js:6619:16)
      at JSXParserMixin.expect (D:\HACKATHON\JolBondhuApp\node_modules\@babel\parser\lib\index.js:6899:12)
      at JSXParserMixin.parseConditional (D:\HACKATHON\JolBondhuApp\node_modules\@babel\parser\lib\index.js:10882:12)
      at JSXParserMixin.parseMaybeConditional (D:\HACKATHON\JolBondhuApp\node_modules\@babel\parser\lib\index.js:10875:17)
      at JSXParserMixin.parseMaybeAssign (D:\HACKATHON\JolBondhuApp\node_modules\@babel\parser\lib\index.js:10821:21)
      at JSXParserMixin.parseExpressionBase (D:\HACKATHON\JolBondhuApp\node_modules\@babel\parser\lib\index.js:10774:23)
      at D:\HACKATHON\JolBondhuApp\node_modules\@babel\parser\lib\index.js:10770:39
      at JSXParserMixin.allowInAnd (D:\HACKATHON\JolBondhuApp\node_modules\@babel\parser\lib\index.js:12416:12)
      at JSXParserMixin.parseExpression (D:\HACKATHON\JolBondhuApp\node_modules\@babel\parser\lib\index.js:10770:17)
      at JSXParserMixin.jsxParseExpressionContainer (D:\HACKATHON\JolBondhuApp\node_modules\@babel\parser\lib\index.js:4632:31)
      at JSXParserMixin.jsxParseElementAt (D:\HACKATHON\JolBondhuApp\node_modules\@babel\parser\lib\index.js:4711:36)
      at JSXParserMixin.jsxParseElementAt (D:\HACKATHON\JolBondhuApp\node_modules\@babel\parser\lib\index.js:4698:32)
      at JSXParserMixin.jsxParseElement (D:\HACKATHON\JolBondhuApp\node_modules\@babel\parser\lib\index.js:4749:17)
      at JSXParserMixin.parseExprAtom (D:\HACKATHON\JolBondhuApp\node_modules\@babel\parser\lib\index.js:4759:19)
      at JSXParserMixin.parseExprSubscripts (D:\HACKATHON\JolBondhuApp\node_modules\@babel\parser\lib\index.js:11071:23)
      at JSXParserMixin.parseUpdate (D:\HACKATHON\JolBondhuApp\node_modules\@babel\parser\lib\index.js:11056:21)
      at JSXParserMixin.parseMaybeUnary (D:\HACKATHON\JolBondhuApp\node_modules\@babel\parser\lib\index.js:11036:23)
      at JSXParserMixin.parseMaybeUnaryOrPrivate (D:\HACKATHON\JolBondhuApp\node_modules\@babel\parser\lib\index.js:10889:61)
      at JSXParserMixin.parseExprOps (D:\HACKATHON\JolBondhuApp\node_modules\@babel\parser\lib\index.js:10894:23)
      at JSXParserMixin.parseMaybeConditional (D:\HACKATHON\JolBondhuApp\node_modules\@babel\parser\lib\index.js:10871:23)
      at JSXParserMixin.parseMaybeAssign (D:\HACKATHON\JolBondhuApp\node_modules\@babel\parser\lib\index.js:10821:21)
      at D:\HACKATHON\JolBondhuApp\node_modules\@babel\parser\lib\index.js:10790:39
      at JSXParserMixin.allowInAnd (D:\HACKATHON\JolBondhuApp\node_modules\@babel\parser\lib\index.js:12416:12)
      at JSXParserMixin.parseMaybeAssignAllowIn (D:\HACKATHON\JolBondhuApp\node_modules\@babel\parser\lib\index.js:10790:17)
      at JSXParserMixin.parseMaybeAssignAllowInOrVoidPattern (D:\HACKATHON\JolBondhuApp\node_modules\@babel\parser\lib\index.js:12483:17)
      at JSXParserMixin.parseParenAndDistinguishExpression (D:\HACKATHON\JolBondhuApp\node_modules\@babel\parser\lib\index.js:11665:28)
      at JSXParserMixin.parseExprAtom (D:\HACKATHON\JolBondhuApp\node_modules\@babel\parser\lib\index.js:11321:23)
      at JSXParserMixin.parseExprAtom (D:\HACKATHON\JolBondhuApp\node_modules\@babel\parser\lib\index.js:4764:20)
      at JSXParserMixin.parseExprSubscripts (D:\HACKATHON\JolBondhuApp\node_modules\@babel\parser\lib\index.js:11071:23)
      at JSXParserMixin.parseUpdate (D:\HACKATHON\JolBondhuApp\node_modules\@babel\parser\lib\index.js:11056:21)
      at JSXParserMixin.parseMaybeUnary (D:\HACKATHON\JolBondhuApp\node_modules\@babel\parser\lib\index.js:11036:23)
      at JSXParserMixin.parseMaybeUnaryOrPrivate (D:\HACKATHON\JolBondhuApp\node_modules\@babel\parser\lib\index.js:10889:61)
      at JSXParserMixin.parseExprOps (D:\HACKATHON\JolBondhuApp\node_modules\@babel\parser\lib\index.js:10894:23)
      at JSXParserMixin.parseMaybeConditional (D:\HACKATHON\JolBondhuApp\node_modules\@babel\parser\lib\index.js:10871:23)
      at JSXParserMixin.parseMaybeAssign (D:\HACKATHON\JolBondhuApp\node_modules\@babel\parser\lib\index.js:10821:21)
      at JSXParserMixin.parseExpressionBase (D:\HACKATHON\JolBondhuApp\node_modules\@babel\parser\lib\index.js:10774:23)
      at D:\HACKATHON\JolBondhuApp\node_modules\@babel\parser\lib\index.js:10770:39
      at JSXParserMixin.allowInAnd (D:\HACKATHON\JolBondhuApp\node_modules\@babel\parser\lib\index.js:12411:16)
      at JSXParserMixin.parseExpression (D:\HACKATHON\JolBondhuApp\node_modules\@babel\parser\lib\index.js:10770:17)
      at JSXParserMixin.parseReturnStatement (D:\HACKATHON\JolBondhuApp\node_modules\@babel\parser\lib\index.js:13132:28)
      at JSXParserMixin.parseStatementContent (D:\HACKATHON\JolBondhuApp\node_modules\@babel\parser\lib\index.js:12788:21)
      at JSXParserMixin.parseStatementLike (D:\HACKATHON\JolBondhuApp\node_modules\@babel\parser\lib\index.js:12757:17)
      at JSXParserMixin.parseStatementListItem (D:\HACKATHON\JolBondhuApp\node_modules\@babel\parser\lib\index.js:12737:17)
      at JSXParserMixin.parseSwitchStatement (D:\HACKATHON\JolBondhuApp\node_modules\@babel\parser\lib\index.js:13164:36)
      at JSXParserMixin.parseStatementContent (D:\HACKATHON\JolBondhuApp\node_modules\@babel\parser\lib\index.js:12790:21)
      at JSXParserMixin.parseStatementLike (D:\HACKATHON\JolBondhuApp\node_modules\@babel\parser\lib\index.js:12757:17)
      at JSXParserMixin.parseStatementListItem (D:\HACKATHON\JolBondhuApp\node_modules\@babel\parser\lib\index.js:12737:17)
      at JSXParserMixin.parseBlockOrModuleBlockBody (D:\HACKATHON\JolBondhuApp\node_modules\@babel\parser\lib\index.js:13306:61)
[2m5:00:09 PM[22m [31m[1m[vite][22m[39m [31mInternal server error: D:\HACKATHON\JolBondhuApp\src\components\LocationPermissionModal.jsx: Unexpected token, expected ":" (192:75)

[0m [90m 190 |[31m             [33m<[31m[33mp[31m className[33m=[31m[32m"text-gray-500 dark:text-slate-400 mb-4"[31m[33m>[31m
 [90m 191 |[31m               {language [33m===[31m [32m'as'[31m
[31m[1m>[22m[31m[90m 192 |[31m                 [33m?[31m [32m'অৱস্থান অনুমতি অস্বীকৃত হৈছে। কিছুমান বৈশিষ্ট্য সীমিত হ'[31mব।[32m'[31m
 [90m     |[31m                                                                            [31m[1m^[22m[31m
 [90m 193 |[31m                 [33m:[31m [32m'Location permission was denied. Some features will be limited.'[31m}
 [90m 194 |[31m             [33m<[31m[33m/[31m[33mp[31m[33m>[31m
 [90m 195 |[31m             [33m<[31m[33mdiv[31m className[33m=[31m[32m"bg-yellow-50 dark:bg-yellow-900/20 border border-yellow-200 dark:border-yellow-800 rounded-xl p-4 mb-6"[31m[33m>[31m[0m[39m
  Plugin: [35mvite:react-babel[39m
  File: [36mD:/HACKATHON/JolBondhuApp/src/components/LocationPermissionModal.jsx[39m:192:75
[33m  190|              <p className="text-gray-500 dark:text-slate-400 mb-4">
  191|                {language === 'as'
  192|                  ? 'অৱস্থান অনুমতি অস্বীকৃত হৈছে। কিছুমান বৈশিষ্ট্য সীমিত হ'ব।'
     |                                                                             ^
  193|                  : 'Location permission was denied. Some features will be limited.'}
  194|              </p>[39m
      at constructor (D:\HACKATHON\JolBondhuApp\node_modules\@babel\parser\lib\index.js:365:19)
      at JSXParserMixin.raise (D:\HACKATHON\JolBondhuApp\node_modules\@babel\parser\lib\index.js:6599:19)
      at JSXParserMixin.unexpected (D:\HACKATHON\JolBondhuApp\node_modules\@babel\parser\lib\index.js:6619:16)
      at JSXParserMixin.expect (D:\HACKATHON\JolBondhuApp\node_modules\@babel\parser\lib\index.js:6899:12)
      at JSXParserMixin.parseConditional (D:\HACKATHON\JolBondhuApp\node_modules\@babel\parser\lib\index.js:10882:12)
      at JSXParserMixin.parseMaybeConditional (D:\HACKATHON\JolBondhuApp\node_modules\@babel\parser\lib\index.js:10875:17)
      at JSXParserMixin.parseMaybeAssign (D:\HACKATHON\JolBondhuApp\node_modules\@babel\parser\lib\index.js:10821:21)
      at JSXParserMixin.parseExpressionBase (D:\HACKATHON\JolBondhuApp\node_modules\@babel\parser\lib\index.js:10774:23)
      at D:\HACKATHON\JolBondhuApp\node_modules\@babel\parser\lib\index.js:10770:39
      at JSXParserMixin.allowInAnd (D:\HACKATHON\JolBondhuApp\node_modules\@babel\parser\lib\index.js:12416:12)
      at JSXParserMixin.parseExpression (D:\HACKATHON\JolBondhuApp\node_modules\@babel\parser\lib\index.js:10770:17)
      at JSXParserMixin.jsxParseExpressionContainer (D:\HACKATHON\JolBondhuApp\node_modules\@babel\parser\lib\index.js:4632:31)
      at JSXParserMixin.jsxParseElementAt (D:\HACKATHON\JolBondhuApp\node_modules\@babel\parser\lib\index.js:4711:36)
      at JSXParserMixin.jsxParseElementAt (D:\HACKATHON\JolBondhuApp\node_modules\@babel\parser\lib\index.js:4698:32)
      at JSXParserMixin.jsxParseElement (D:\HACKATHON\JolBondhuApp\node_modules\@babel\parser\lib\index.js:4749:17)
      at JSXParserMixin.parseExprAtom (D:\HACKATHON\JolBondhuApp\node_modules\@babel\parser\lib\index.js:4759:19)
      at JSXParserMixin.parseExprSubscripts (D:\HACKATHON\JolBondhuApp\node_modules\@babel\parser\lib\index.js:11071:23)
      at JSXParserMixin.parseUpdate (D:\HACKATHON\JolBondhuApp\node_modules\@babel\parser\lib\index.js:11056:21)
      at JSXParserMixin.parseMaybeUnary (D:\HACKATHON\JolBondhuApp\node_modules\@babel\parser\lib\index.js:11036:23)
      at JSXParserMixin.parseMaybeUnaryOrPrivate (D:\HACKATHON\JolBondhuApp\node_modules\@babel\parser\lib\index.js:10889:61)
      at JSXParserMixin.parseExprOps (D:\HACKATHON\JolBondhuApp\node_modules\@babel\parser\lib\index.js:10894:23)
      at JSXParserMixin.parseMaybeConditional (D:\HACKATHON\JolBondhuApp\node_modules\@babel\parser\lib\index.js:10871:23)
      at JSXParserMixin.parseMaybeAssign (D:\HACKATHON\JolBondhuApp\node_modules\@babel\parser\lib\index.js:10821:21)
      at D:\HACKATHON\JolBondhuApp\node_modules\@babel\parser\lib\index.js:10790:39
      at JSXParserMixin.allowInAnd (D:\HACKATHON\JolBondhuApp\node_modules\@babel\parser\lib\index.js:12416:12)
      at JSXParserMixin.parseMaybeAssignAllowIn (D:\HACKATHON\JolBondhuApp\node_modules\@babel\parser\lib\index.js:10790:17)
      at JSXParserMixin.parseMaybeAssignAllowInOrVoidPattern (D:\HACKATHON\JolBondhuApp\node_modules\@babel\parser\lib\index.js:12483:17)
      at JSXParserMixin.parseParenAndDistinguishExpression (D:\HACKATHON\JolBondhuApp\node_modules\@babel\parser\lib\index.js:11665:28)
      at JSXParserMixin.parseExprAtom (D:\HACKATHON\JolBondhuApp\node_modules\@babel\parser\lib\index.js:11321:23)
      at JSXParserMixin.parseExprAtom (D:\HACKATHON\JolBondhuApp\node_modules\@babel\parser\lib\index.js:4764:20)
      at JSXParserMixin.parseExprSubscripts (D:\HACKATHON\JolBondhuApp\node_modules\@babel\parser\lib\index.js:11071:23)
      at JSXParserMixin.parseUpdate (D:\HACKATHON\JolBondhuApp\node_modules\@babel\parser\lib\index.js:11056:21)
      at JSXParserMixin.parseMaybeUnary (D:\HACKATHON\JolBondhuApp\node_modules\@babel\parser\lib\index.js:11036:23)
      at JSXParserMixin.parseMaybeUnaryOrPrivate (D:\HACKATHON\JolBondhuApp\node_modules\@babel\parser\lib\index.js:10889:61)
      at JSXParserMixin.parseExprOps (D:\HACKATHON\JolBondhuApp\node_modules\@babel\parser\lib\index.js:10894:23)
      at JSXParserMixin.parseMaybeConditional (D:\HACKATHON\JolBondhuApp\node_modules\@babel\parser\lib\index.js:10871:23)
      at JSXParserMixin.parseMaybeAssign (D:\HACKATHON\JolBondhuApp\node_modules\@babel\parser\lib\index.js:10821:21)
      at JSXParserMixin.parseExpressionBase (D:\HACKATHON\JolBondhuApp\node_modules\@babel\parser\lib\index.js:10774:23)
      at D:\HACKATHON\JolBondhuApp\node_modules\@babel\parser\lib\index.js:10770:39
      at JSXParserMixin.allowInAnd (D:\HACKATHON\JolBondhuApp\node_modules\@babel\parser\lib\index.js:12411:16)
      at JSXParserMixin.parseExpression (D:\HACKATHON\JolBondhuApp\node_modules\@babel\parser\lib\index.js:10770:17)
      at JSXParserMixin.parseReturnStatement (D:\HACKATHON\JolBondhuApp\node_modules\@babel\parser\lib\index.js:13132:28)
      at JSXParserMixin.parseStatementContent (D:\HACKATHON\JolBondhuApp\node_modules\@babel\parser\lib\index.js:12788:21)
      at JSXParserMixin.parseStatementLike (D:\HACKATHON\JolBondhuApp\node_modules\@babel\parser\lib\index.js:12757:17)
      at JSXParserMixin.parseStatementListItem (D:\HACKATHON\JolBondhuApp\node_modules\@babel\parser\lib\index.js:12737:17)
      at JSXParserMixin.parseSwitchStatement (D:\HACKATHON\JolBondhuApp\node_modules\@babel\parser\lib\index.js:13164:36)
      at JSXParserMixin.parseStatementContent (D:\HACKATHON\JolBondhuApp\node_modules\@babel\parser\lib\index.js:12790:21)
      at JSXParserMixin.parseStatementLike (D:\HACKATHON\JolBondhuApp\node_modules\@babel\parser\lib\index.js:12757:17)
      at JSXParserMixin.parseStatementListItem (D:\HACKATHON\JolBondhuApp\node_modules\@babel\parser\lib\index.js:12737:17)
      at JSXParserMixin.parseBlockOrModuleBlockBody (D:\HACKATHON\JolBondhuApp\node_modules\@babel\parser\lib\index.js:13306:61)
[2m5:00:10 PM[22m [31m[1m[vite][22m[39m [31mInternal server error: D:\HACKATHON\JolBondhuApp\src\components\LocationPermissionModal.jsx: Unexpected token, expected ":" (192:75)

[0m [90m 190 |[31m             [33m<[31m[33mp[31m className[33m=[31m[32m"text-gray-500 dark:text-slate-400 mb-4"[31m[33m>[31m
 [90m 191 |[31m               {language [33m===[31m [32m'as'[31m
[31m[1m>[22m[31m[90m 192 |[31m                 [33m?[31m [32m'অৱস্থান অনুমতি অস্বীকৃত হৈছে। কিছুমান বৈশিষ্ট্য সীমিত হ'[31mব।[32m'[31m
 [90m     |[31m                                                                            [31m[1m^[22m[31m
 [90m 193 |[31m                 [33m:[31m [32m'Location permission was denied. Some features will be limited.'[31m}
 [90m 194 |[31m             [33m<[31m[33m/[31m[33mp[31m[33m>[31m
 [90m 195 |[31m             [33m<[31m[33mdiv[31m className[33m=[31m[32m"bg-yellow-50 dark:bg-yellow-900/20 border border-yellow-200 dark:border-yellow-800 rounded-xl p-4 mb-6"[31m[33m>[31m[0m[39m
  Plugin: [35mvite:react-babel[39m
  File: [36mD:/HACKATHON/JolBondhuApp/src/components/LocationPermissionModal.jsx[39m:192:75
[33m  190|              <p className="text-gray-500 dark:text-slate-400 mb-4">
  191|                {language === 'as'
  192|                  ? 'অৱস্থান অনুমতি অস্বীকৃত হৈছে। কিছুমান বৈশিষ্ট্য সীমিত হ'ব।'
     |                                                                             ^
  193|                  : 'Location permission was denied. Some features will be limited.'}
  194|              </p>[39m
      at constructor (D:\HACKATHON\JolBondhuApp\node_modules\@babel\parser\lib\index.js:365:19)
      at JSXParserMixin.raise (D:\HACKATHON\JolBondhuApp\node_modules\@babel\parser\lib\index.js:6599:19)
      at JSXParserMixin.unexpected (D:\HACKATHON\JolBondhuApp\node_modules\@babel\parser\lib\index.js:6619:16)
      at JSXParserMixin.expect (D:\HACKATHON\JolBondhuApp\node_modules\@babel\parser\lib\index.js:6899:12)
      at JSXParserMixin.parseConditional (D:\HACKATHON\JolBondhuApp\node_modules\@babel\parser\lib\index.js:10882:12)
      at JSXParserMixin.parseMaybeConditional (D:\HACKATHON\JolBondhuApp\node_modules\@babel\parser\lib\index.js:10875:17)
      at JSXParserMixin.parseMaybeAssign (D:\HACKATHON\JolBondhuApp\node_modules\@babel\parser\lib\index.js:10821:21)
      at JSXParserMixin.parseExpressionBase (D:\HACKATHON\JolBondhuApp\node_modules\@babel\parser\lib\index.js:10774:23)
      at D:\HACKATHON\JolBondhuApp\node_modules\@babel\parser\lib\index.js:10770:39
      at JSXParserMixin.allowInAnd (D:\HACKATHON\JolBondhuApp\node_modules\@babel\parser\lib\index.js:12416:12)
      at JSXParserMixin.parseExpression (D:\HACKATHON\JolBondhuApp\node_modules\@babel\parser\lib\index.js:10770:17)
      at JSXParserMixin.jsxParseExpressionContainer (D:\HACKATHON\JolBondhuApp\node_modules\@babel\parser\lib\index.js:4632:31)
      at JSXParserMixin.jsxParseElementAt (D:\HACKATHON\JolBondhuApp\node_modules\@babel\parser\lib\index.js:4711:36)
      at JSXParserMixin.jsxParseElementAt (D:\HACKATHON\JolBondhuApp\node_modules\@babel\parser\lib\index.js:4698:32)
      at JSXParserMixin.jsxParseElement (D:\HACKATHON\JolBondhuApp\node_modules\@babel\parser\lib\index.js:4749:17)
      at JSXParserMixin.parseExprAtom (D:\HACKATHON\JolBondhuApp\node_modules\@babel\parser\lib\index.js:4759:19)
      at JSXParserMixin.parseExprSubscripts (D:\HACKATHON\JolBondhuApp\node_modules\@babel\parser\lib\index.js:11071:23)
      at JSXParserMixin.parseUpdate (D:\HACKATHON\JolBondhuApp\node_modules\@babel\parser\lib\index.js:11056:21)
      at JSXParserMixin.parseMaybeUnary (D:\HACKATHON\JolBondhuApp\node_modules\@babel\parser\lib\index.js:11036:23)
      at JSXParserMixin.parseMaybeUnaryOrPrivate (D:\HACKATHON\JolBondhuApp\node_modules\@babel\parser\lib\index.js:10889:61)
      at JSXParserMixin.parseExprOps (D:\HACKATHON\JolBondhuApp\node_modules\@babel\parser\lib\index.js:10894:23)
      at JSXParserMixin.parseMaybeConditional (D:\HACKATHON\JolBondhuApp\node_modules\@babel\parser\lib\index.js:10871:23)
      at JSXParserMixin.parseMaybeAssign (D:\HACKATHON\JolBondhuApp\node_modules\@babel\parser\lib\index.js:10821:21)
      at D:\HACKATHON\JolBondhuApp\node_modules\@babel\parser\lib\index.js:10790:39
      at JSXParserMixin.allowInAnd (D:\HACKATHON\JolBondhuApp\node_modules\@babel\parser\lib\index.js:12416:12)
      at JSXParserMixin.parseMaybeAssignAllowIn (D:\HACKATHON\JolBondhuApp\node_modules\@babel\parser\lib\index.js:10790:17)
      at JSXParserMixin.parseMaybeAssignAllowInOrVoidPattern (D:\HACKATHON\JolBondhuApp\node_modules\@babel\parser\lib\index.js:12483:17)
      at JSXParserMixin.parseParenAndDistinguishExpression (D:\HACKATHON\JolBondhuApp\node_modules\@babel\parser\lib\index.js:11665:28)
      at JSXParserMixin.parseExprAtom (D:\HACKATHON\JolBondhuApp\node_modules\@babel\parser\lib\index.js:11321:23)
      at JSXParserMixin.parseExprAtom (D:\HACKATHON\JolBondhuApp\node_modules\@babel\parser\lib\index.js:4764:20)
      at JSXParserMixin.parseExprSubscripts (D:\HACKATHON\JolBondhuApp\node_modules\@babel\parser\lib\index.js:11071:23)
      at JSXParserMixin.parseUpdate (D:\HACKATHON\JolBondhuApp\node_modules\@babel\parser\lib\index.js:11056:21)
      at JSXParserMixin.parseMaybeUnary (D:\HACKATHON\JolBondhuApp\node_modules\@babel\parser\lib\index.js:11036:23)
      at JSXParserMixin.parseMaybeUnaryOrPrivate (D:\HACKATHON\JolBondhuApp\node_modules\@babel\parser\lib\index.js:10889:61)
      at JSXParserMixin.parseExprOps (D:\HACKATHON\JolBondhuApp\node_modules\@babel\parser\lib\index.js:10894:23)
      at JSXParserMixin.parseMaybeConditional (D:\HACKATHON\JolBondhuApp\node_modules\@babel\parser\lib\index.js:10871:23)
      at JSXParserMixin.parseMaybeAssign (D:\HACKATHON\JolBondhuApp\node_modules\@babel\parser\lib\index.js:10821:21)
      at JSXParserMixin.parseExpressionBase (D:\HACKATHON\JolBondhuApp\node_modules\@babel\parser\lib\index.js:10774:23)
      at D:\HACKATHON\JolBondhuApp\node_modules\@babel\parser\lib\index.js:10770:39
      at JSXParserMixin.allowInAnd (D:\HACKATHON\JolBondhuApp\node_modules\@babel\parser\lib\index.js:12411:16)
      at JSXParserMixin.parseExpression (D:\HACKATHON\JolBondhuApp\node_modules\@babel\parser\lib\index.js:10770:17)
      at JSXParserMixin.parseReturnStatement (D:\HACKATHON\JolBondhuApp\node_modules\@babel\parser\lib\index.js:13132:28)
      at JSXParserMixin.parseStatementContent (D:\HACKATHON\JolBondhuApp\node_modules\@babel\parser\lib\index.js:12788:21)
      at JSXParserMixin.parseStatementLike (D:\HACKATHON\JolBondhuApp\node_modules\@babel\parser\lib\index.js:12757:17)
      at JSXParserMixin.parseStatementListItem (D:\HACKATHON\JolBondhuApp\node_modules\@babel\parser\lib\index.js:12737:17)
      at JSXParserMixin.parseSwitchStatement (D:\HACKATHON\JolBondhuApp\node_modules\@babel\parser\lib\index.js:13164:36)
      at JSXParserMixin.parseStatementContent (D:\HACKATHON\JolBondhuApp\node_modules\@babel\parser\lib\index.js:12790:21)
      at JSXParserMixin.parseStatementLike (D:\HACKATHON\JolBondhuApp\node_modules\@babel\parser\lib\index.js:12757:17)
      at JSXParserMixin.parseStatementListItem (D:\HACKATHON\JolBondhuApp\node_modules\@babel\parser\lib\index.js:12737:17)
      at JSXParserMixin.parseBlockOrModuleBlockBody (D:\HACKATHON\JolBondhuApp\node_modules\@babel\parser\lib\index.js:13306:61)
[2m5:00:10 PM[22m [31m[1m[vite][22m[39m [31mInternal server error: D:\HACKATHON\JolBondhuApp\src\components\LocationPermissionModal.jsx: Unexpected token, expected ":" (192:75)

[0m [90m 190 |[31m             [33m<[31m[33mp[31m className[33m=[31m[32m"text-gray-500 dark:text-slate-400 mb-4"[31m[33m>[31m
 [90m 191 |[31m               {language [33m===[31m [32m'as'[31m
[31m[1m>[22m[31m[90m 192 |[31m                 [33m?[31m [32m'অৱস্থান অনুমতি অস্বীকৃত হৈছে। কিছুমান বৈশিষ্ট্য সীমিত হ'[31mব।[32m'[31m
 [90m     |[31m                                                                            [31m[1m^[22m[31m
 [90m 193 |[31m                 [33m:[31m [32m'Location permission was denied. Some features will be limited.'[31m}
 [90m 194 |[31m             [33m<[31m[33m/[31m[33mp[31m[33m>[31m
 [90m 195 |[31m             [33m<[31m[33mdiv[31m className[33m=[31m[32m"bg-yellow-50 dark:bg-yellow-900/20 border border-yellow-200 dark:border-yellow-800 rounded-xl p-4 mb-6"[31m[33m>[31m[0m[39m
  Plugin: [35mvite:react-babel[39m
  File: [36mD:/HACKATHON/JolBondhuApp/src/components/LocationPermissionModal.jsx[39m:192:75
[33m  190|              <p className="text-gray-500 dark:text-slate-400 mb-4">
  191|                {language === 'as'
  192|                  ? 'অৱস্থান অনুমতি অস্বীকৃত হৈছে। কিছুমান বৈশিষ্ট্য সীমিত হ'ব।'
     |                                                                             ^
  193|                  : 'Location permission was denied. Some features will be limited.'}
  194|              </p>[39m
      at constructor (D:\HACKATHON\JolBondhuApp\node_modules\@babel\parser\lib\index.js:365:19)
      at JSXParserMixin.raise (D:\HACKATHON\JolBondhuApp\node_modules\@babel\parser\lib\index.js:6599:19)
      at JSXParserMixin.unexpected (D:\HACKATHON\JolBondhuApp\node_modules\@babel\parser\lib\index.js:6619:16)
      at JSXParserMixin.expect (D:\HACKATHON\JolBondhuApp\node_modules\@babel\parser\lib\index.js:6899:12)
      at JSXParserMixin.parseConditional (D:\HACKATHON\JolBondhuApp\node_modules\@babel\parser\lib\index.js:10882:12)
      at JSXParserMixin.parseMaybeConditional (D:\HACKATHON\JolBondhuApp\node_modules\@babel\parser\lib\index.js:10875:17)
      at JSXParserMixin.parseMaybeAssign (D:\HACKATHON\JolBondhuApp\node_modules\@babel\parser\lib\index.js:10821:21)
      at JSXParserMixin.parseExpressionBase (D:\HACKATHON\JolBondhuApp\node_modules\@babel\parser\lib\index.js:10774:23)
      at D:\HACKATHON\JolBondhuApp\node_modules\@babel\parser\lib\index.js:10770:39
      at JSXParserMixin.allowInAnd (D:\HACKATHON\JolBondhuApp\node_modules\@babel\parser\lib\index.js:12416:12)
      at JSXParserMixin.parseExpression (D:\HACKATHON\JolBondhuApp\node_modules\@babel\parser\lib\index.js:10770:17)
      at JSXParserMixin.jsxParseExpressionContainer (D:\HACKATHON\JolBondhuApp\node_modules\@babel\parser\lib\index.js:4632:31)
      at JSXParserMixin.jsxParseElementAt (D:\HACKATHON\JolBondhuApp\node_modules\@babel\parser\lib\index.js:4711:36)
      at JSXParserMixin.jsxParseElementAt (D:\HACKATHON\JolBondhuApp\node_modules\@babel\parser\lib\index.js:4698:32)
      at JSXParserMixin.jsxParseElement (D:\HACKATHON\JolBondhuApp\node_modules\@babel\parser\lib\index.js:4749:17)
      at JSXParserMixin.parseExprAtom (D:\HACKATHON\JolBondhuApp\node_modules\@babel\parser\lib\index.js:4759:19)
      at JSXParserMixin.parseExprSubscripts (D:\HACKATHON\JolBondhuApp\node_modules\@babel\parser\lib\index.js:11071:23)
      at JSXParserMixin.parseUpdate (D:\HACKATHON\JolBondhuApp\node_modules\@babel\parser\lib\index.js:11056:21)
      at JSXParserMixin.parseMaybeUnary (D:\HACKATHON\JolBondhuApp\node_modules\@babel\parser\lib\index.js:11036:23)
      at JSXParserMixin.parseMaybeUnaryOrPrivate (D:\HACKATHON\JolBondhuApp\node_modules\@babel\parser\lib\index.js:10889:61)
      at JSXParserMixin.parseExprOps (D:\HACKATHON\JolBondhuApp\node_modules\@babel\parser\lib\index.js:10894:23)
      at JSXParserMixin.parseMaybeConditional (D:\HACKATHON\JolBondhuApp\node_modules\@babel\parser\lib\index.js:10871:23)
      at JSXParserMixin.parseMaybeAssign (D:\HACKATHON\JolBondhuApp\node_modules\@babel\parser\lib\index.js:10821:21)
      at D:\HACKATHON\JolBondhuApp\node_modules\@babel\parser\lib\index.js:10790:39
      at JSXParserMixin.allowInAnd (D:\HACKATHON\JolBondhuApp\node_modules\@babel\parser\lib\index.js:12416:12)
      at JSXParserMixin.parseMaybeAssignAllowIn (D:\HACKATHON\JolBondhuApp\node_modules\@babel\parser\lib\index.js:10790:17)
      at JSXParserMixin.parseMaybeAssignAllowInOrVoidPattern (D:\HACKATHON\JolBondhuApp\node_modules\@babel\parser\lib\index.js:12483:17)
      at JSXParserMixin.parseParenAndDistinguishExpression (D:\HACKATHON\JolBondhuApp\node_modules\@babel\parser\lib\index.js:11665:28)
      at JSXParserMixin.parseExprAtom (D:\HACKATHON\JolBondhuApp\node_modules\@babel\parser\lib\index.js:11321:23)
      at JSXParserMixin.parseExprAtom (D:\HACKATHON\JolBondhuApp\node_modules\@babel\parser\lib\index.js:4764:20)
      at JSXParserMixin.parseExprSubscripts (D:\HACKATHON\JolBondhuApp\node_modules\@babel\parser\lib\index.js:11071:23)
      at JSXParserMixin.parseUpdate (D:\HACKATHON\JolBondhuApp\node_modules\@babel\parser\lib\index.js:11056:21)
      at JSXParserMixin.parseMaybeUnary (D:\HACKATHON\JolBondhuApp\node_modules\@babel\parser\lib\index.js:11036:23)
      at JSXParserMixin.parseMaybeUnaryOrPrivate (D:\HACKATHON\JolBondhuApp\node_modules\@babel\parser\lib\index.js:10889:61)
      at JSXParserMixin.parseExprOps (D:\HACKATHON\JolBondhuApp\node_modules\@babel\parser\lib\index.js:10894:23)
      at JSXParserMixin.parseMaybeConditional (D:\HACKATHON\JolBondhuApp\node_modules\@babel\parser\lib\index.js:10871:23)
      at JSXParserMixin.parseMaybeAssign (D:\HACKATHON\JolBondhuApp\node_modules\@babel\parser\lib\index.js:10821:21)
      at JSXParserMixin.parseExpressionBase (D:\HACKATHON\JolBondhuApp\node_modules\@babel\parser\lib\index.js:10774:23)
      at D:\HACKATHON\JolBondhuApp\node_modules\@babel\parser\lib\index.js:10770:39
      at JSXParserMixin.allowInAnd (D:\HACKATHON\JolBondhuApp\node_modules\@babel\parser\lib\index.js:12411:16)
      at JSXParserMixin.parseExpression (D:\HACKATHON\JolBondhuApp\node_modules\@babel\parser\lib\index.js:10770:17)
      at JSXParserMixin.parseReturnStatement (D:\HACKATHON\JolBondhuApp\node_modules\@babel\parser\lib\index.js:13132:28)
      at JSXParserMixin.parseStatementContent (D:\HACKATHON\JolBondhuApp\node_modules\@babel\parser\lib\index.js:12788:21)
      at JSXParserMixin.parseStatementLike (D:\HACKATHON\JolBondhuApp\node_modules\@babel\parser\lib\index.js:12757:17)
      at JSXParserMixin.parseStatementListItem (D:\HACKATHON\JolBondhuApp\node_modules\@babel\parser\lib\index.js:12737:17)
      at JSXParserMixin.parseSwitchStatement (D:\HACKATHON\JolBondhuApp\node_modules\@babel\parser\lib\index.js:13164:36)
      at JSXParserMixin.parseStatementContent (D:\HACKATHON\JolBondhuApp\node_modules\@babel\parser\lib\index.js:12790:21)
      at JSXParserMixin.parseStatementLike (D:\HACKATHON\JolBondhuApp\node_modules\@babel\parser\lib\index.js:12757:17)
      at JSXParserMixin.parseStatementListItem (D:\HACKATHON\JolBondhuApp\node_modules\@babel\parser\lib\index.js:12737:17)
      at JSXParserMixin.parseBlockOrModuleBlockBody (D:\HACKATHON\JolBondhuApp\node_modules\@babel\parser\lib\index.js:13306:61)
[2m5:00:18 PM[22m [31m[1m[vite][22m[39m [31mInternal server error: D:\HACKATHON\JolBondhuApp\src\components\LocationPermissionModal.jsx: Unexpected token, expected ":" (192:75)

[0m [90m 190 |[31m             [33m<[31m[33mp[31m className[33m=[31m[32m"text-gray-500 dark:text-slate-400 mb-4"[31m[33m>[31m
 [90m 191 |[31m               {language [33m===[31m [32m'as'[31m
[31m[1m>[22m[31m[90m 192 |[31m                 [33m?[31m [32m'অৱস্থান অনুমতি অস্বীকৃত হৈছে। কিছুমান বৈশিষ্ট্য সীমিত হ'[31mব।[32m'[31m
 [90m     |[31m                                                                            [31m[1m^[22m[31m
 [90m 193 |[31m                 [33m:[31m [32m'Location permission was denied. Some features will be limited.'[31m}
 [90m 194 |[31m             [33m<[31m[33m/[31m[33mp[31m[33m>[31m
 [90m 195 |[31m             [33m<[31m[33mdiv[31m className[33m=[31m[32m"bg-yellow-50 dark:bg-yellow-900/20 border border-yellow-200 dark:border-yellow-800 rounded-xl p-4 mb-6"[31m[33m>[31m[0m[39m
  Plugin: [35mvite:react-babel[39m
  File: [36mD:/HACKATHON/JolBondhuApp/src/components/LocationPermissionModal.jsx[39m:192:75
[33m  190|              <p className="text-gray-500 dark:text-slate-400 mb-4">
  191|                {language === 'as'
  192|                  ? 'অৱস্থান অনুমতি অস্বীকৃত হৈছে। কিছুমান বৈশিষ্ট্য সীমিত হ'ব।'
     |                                                                             ^
  193|                  : 'Location permission was denied. Some features will be limited.'}
  194|              </p>[39m
      at constructor (D:\HACKATHON\JolBondhuApp\node_modules\@babel\parser\lib\index.js:365:19)
      at JSXParserMixin.raise (D:\HACKATHON\JolBondhuApp\node_modules\@babel\parser\lib\index.js:6599:19)
      at JSXParserMixin.unexpected (D:\HACKATHON\JolBondhuApp\node_modules\@babel\parser\lib\index.js:6619:16)
      at JSXParserMixin.expect (D:\HACKATHON\JolBondhuApp\node_modules\@babel\parser\lib\index.js:6899:12)
      at JSXParserMixin.parseConditional (D:\HACKATHON\JolBondhuApp\node_modules\@babel\parser\lib\index.js:10882:12)
      at JSXParserMixin.parseMaybeConditional (D:\HACKATHON\JolBondhuApp\node_modules\@babel\parser\lib\index.js:10875:17)
      at JSXParserMixin.parseMaybeAssign (D:\HACKATHON\JolBondhuApp\node_modules\@babel\parser\lib\index.js:10821:21)
      at JSXParserMixin.parseExpressionBase (D:\HACKATHON\JolBondhuApp\node_modules\@babel\parser\lib\index.js:10774:23)
      at D:\HACKATHON\JolBondhuApp\node_modules\@babel\parser\lib\index.js:10770:39
      at JSXParserMixin.allowInAnd (D:\HACKATHON\JolBondhuApp\node_modules\@babel\parser\lib\index.js:12416:12)
      at JSXParserMixin.parseExpression (D:\HACKATHON\JolBondhuApp\node_modules\@babel\parser\lib\index.js:10770:17)
      at JSXParserMixin.jsxParseExpressionContainer (D:\HACKATHON\JolBondhuApp\node_modules\@babel\parser\lib\index.js:4632:31)
      at JSXParserMixin.jsxParseElementAt (D:\HACKATHON\JolBondhuApp\node_modules\@babel\parser\lib\index.js:4711:36)
      at JSXParserMixin.jsxParseElementAt (D:\HACKATHON\JolBondhuApp\node_modules\@babel\parser\lib\index.js:4698:32)
      at JSXParserMixin.jsxParseElement (D:\HACKATHON\JolBondhuApp\node_modules\@babel\parser\lib\index.js:4749:17)
      at JSXParserMixin.parseExprAtom (D:\HACKATHON\JolBondhuApp\node_modules\@babel\parser\lib\index.js:4759:19)
      at JSXParserMixin.parseExprSubscripts (D:\HACKATHON\JolBondhuApp\node_modules\@babel\parser\lib\index.js:11071:23)
      at JSXParserMixin.parseUpdate (D:\HACKATHON\JolBondhuApp\node_modules\@babel\parser\lib\index.js:11056:21)
      at JSXParserMixin.parseMaybeUnary (D:\HACKATHON\JolBondhuApp\node_modules\@babel\parser\lib\index.js:11036:23)
      at JSXParserMixin.parseMaybeUnaryOrPrivate (D:\HACKATHON\JolBondhuApp\node_modules\@babel\parser\lib\index.js:10889:61)
      at JSXParserMixin.parseExprOps (D:\HACKATHON\JolBondhuApp\node_modules\@babel\parser\lib\index.js:10894:23)
      at JSXParserMixin.parseMaybeConditional (D:\HACKATHON\JolBondhuApp\node_modules\@babel\parser\lib\index.js:10871:23)
      at JSXParserMixin.parseMaybeAssign (D:\HACKATHON\JolBondhuApp\node_modules\@babel\parser\lib\index.js:10821:21)
      at D:\HACKATHON\JolBondhuApp\node_modules\@babel\parser\lib\index.js:10790:39
      at JSXParserMixin.allowInAnd (D:\HACKATHON\JolBondhuApp\node_modules\@babel\parser\lib\index.js:12416:12)
      at JSXParserMixin.parseMaybeAssignAllowIn (D:\HACKATHON\JolBondhuApp\node_modules\@babel\parser\lib\index.js:10790:17)
      at JSXParserMixin.parseMaybeAssignAllowInOrVoidPattern (D:\HACKATHON\JolBondhuApp\node_modules\@babel\parser\lib\index.js:12483:17)
      at JSXParserMixin.parseParenAndDistinguishExpression (D:\HACKATHON\JolBondhuApp\node_modules\@babel\parser\lib\index.js:11665:28)
      at JSXParserMixin.parseExprAtom (D:\HACKATHON\JolBondhuApp\node_modules\@babel\parser\lib\index.js:11321:23)
      at JSXParserMixin.parseExprAtom (D:\HACKATHON\JolBondhuApp\node_modules\@babel\parser\lib\index.js:4764:20)
      at JSXParserMixin.parseExprSubscripts (D:\HACKATHON\JolBondhuApp\node_modules\@babel\parser\lib\index.js:11071:23)
      at JSXParserMixin.parseUpdate (D:\HACKATHON\JolBondhuApp\node_modules\@babel\parser\lib\index.js:11056:21)
      at JSXParserMixin.parseMaybeUnary (D:\HACKATHON\JolBondhuApp\node_modules\@babel\parser\lib\index.js:11036:23)
      at JSXParserMixin.parseMaybeUnaryOrPrivate (D:\HACKATHON\JolBondhuApp\node_modules\@babel\parser\lib\index.js:10889:61)
      at JSXParserMixin.parseExprOps (D:\HACKATHON\JolBondhuApp\node_modules\@babel\parser\lib\index.js:10894:23)
      at JSXParserMixin.parseMaybeConditional (D:\HACKATHON\JolBondhuApp\node_modules\@babel\parser\lib\index.js:10871:23)
      at JSXParserMixin.parseMaybeAssign (D:\HACKATHON\JolBondhuApp\node_modules\@babel\parser\lib\index.js:10821:21)
      at JSXParserMixin.parseExpressionBase (D:\HACKATHON\JolBondhuApp\node_modules\@babel\parser\lib\index.js:10774:23)
      at D:\HACKATHON\JolBondhuApp\node_modules\@babel\parser\lib\index.js:10770:39
      at JSXParserMixin.allowInAnd (D:\HACKATHON\JolBondhuApp\node_modules\@babel\parser\lib\index.js:12411:16)
      at JSXParserMixin.parseExpression (D:\HACKATHON\JolBondhuApp\node_modules\@babel\parser\lib\index.js:10770:17)
      at JSXParserMixin.parseReturnStatement (D:\HACKATHON\JolBondhuApp\node_modules\@babel\parser\lib\index.js:13132:28)
      at JSXParserMixin.parseStatementContent (D:\HACKATHON\JolBondhuApp\node_modules\@babel\parser\lib\index.js:12788:21)
      at JSXParserMixin.parseStatementLike (D:\HACKATHON\JolBondhuApp\node_modules\@babel\parser\lib\index.js:12757:17)
      at JSXParserMixin.parseStatementListItem (D:\HACKATHON\JolBondhuApp\node_modules\@babel\parser\lib\index.js:12737:17)
      at JSXParserMixin.parseSwitchStatement (D:\HACKATHON\JolBondhuApp\node_modules\@babel\parser\lib\index.js:13164:36)
      at JSXParserMixin.parseStatementContent (D:\HACKATHON\JolBondhuApp\node_modules\@babel\parser\lib\index.js:12790:21)
      at JSXParserMixin.parseStatementLike (D:\HACKATHON\JolBondhuApp\node_modules\@babel\parser\lib\index.js:12757:17)
      at JSXParserMixin.parseStatementListItem (D:\HACKATHON\JolBondhuApp\node_modules\@babel\parser\lib\index.js:12737:17)
      at JSXParserMixin.parseBlockOrModuleBlockBody (D:\HACKATHON\JolBondhuApp\node_modules\@babel\parser\lib\index.js:13306:61)
[2m5:00:20 PM[22m [31m[1m[vite][22m[39m [31mInternal server error: D:\HACKATHON\JolBondhuApp\src\components\LocationPermissionModal.jsx: Unexpected token, expected ":" (192:75)

[0m [90m 190 |[31m             [33m<[31m[33mp[31m className[33m=[31m[32m"text-gray-500 dark:text-slate-400 mb-4"[31m[33m>[31m
 [90m 191 |[31m               {language [33m===[31m [32m'as'[31m
[31m[1m>[22m[31m[90m 192 |[31m                 [33m?[31m [32m'অৱস্থান অনুমতি অস্বীকৃত হৈছে। কিছুমান বৈশিষ্ট্য সীমিত হ'[31mব।[32m'[31m
 [90m     |[31m                                                                            [31m[1m^[22m[31m
 [90m 193 |[31m                 [33m:[31m [32m'Location permission was denied. Some features will be limited.'[31m}
 [90m 194 |[31m             [33m<[31m[33m/[31m[33mp[31m[33m>[31m
 [90m 195 |[31m             [33m<[31m[33mdiv[31m className[33m=[31m[32m"bg-yellow-50 dark:bg-yellow-900/20 border border-yellow-200 dark:border-yellow-800 rounded-xl p-4 mb-6"[31m[33m>[31m[0m[39m
  Plugin: [35mvite:react-babel[39m
  File: [36mD:/HACKATHON/JolBondhuApp/src/components/LocationPermissionModal.jsx[39m:192:75
[33m  190|              <p className="text-gray-500 dark:text-slate-400 mb-4">
  191|                {language === 'as'
  192|                  ? 'অৱস্থান অনুমতি অস্বীকৃত হৈছে। কিছুমান বৈশিষ্ট্য সীমিত হ'ব।'
     |                                                                             ^
  193|                  : 'Location permission was denied. Some features will be limited.'}
  194|              </p>[39m
      at constructor (D:\HACKATHON\JolBondhuApp\node_modules\@babel\parser\lib\index.js:365:19)
      at JSXParserMixin.raise (D:\HACKATHON\JolBondhuApp\node_modules\@babel\parser\lib\index.js:6599:19)
      at JSXParserMixin.unexpected (D:\HACKATHON\JolBondhuApp\node_modules\@babel\parser\lib\index.js:6619:16)
      at JSXParserMixin.expect (D:\HACKATHON\JolBondhuApp\node_modules\@babel\parser\lib\index.js:6899:12)
      at JSXParserMixin.parseConditional (D:\HACKATHON\JolBondhuApp\node_modules\@babel\parser\lib\index.js:10882:12)
      at JSXParserMixin.parseMaybeConditional (D:\HACKATHON\JolBondhuApp\node_modules\@babel\parser\lib\index.js:10875:17)
      at JSXParserMixin.parseMaybeAssign (D:\HACKATHON\JolBondhuApp\node_modules\@babel\parser\lib\index.js:10821:21)
      at JSXParserMixin.parseExpressionBase (D:\HACKATHON\JolBondhuApp\node_modules\@babel\parser\lib\index.js:10774:23)
      at D:\HACKATHON\JolBondhuApp\node_modules\@babel\parser\lib\index.js:10770:39
      at JSXParserMixin.allowInAnd (D:\HACKATHON\JolBondhuApp\node_modules\@babel\parser\lib\index.js:12416:12)
      at JSXParserMixin.parseExpression (D:\HACKATHON\JolBondhuApp\node_modules\@babel\parser\lib\index.js:10770:17)
      at JSXParserMixin.jsxParseExpressionContainer (D:\HACKATHON\JolBondhuApp\node_modules\@babel\parser\lib\index.js:4632:31)
      at JSXParserMixin.jsxParseElementAt (D:\HACKATHON\JolBondhuApp\node_modules\@babel\parser\lib\index.js:4711:36)
      at JSXParserMixin.jsxParseElementAt (D:\HACKATHON\JolBondhuApp\node_modules\@babel\parser\lib\index.js:4698:32)
      at JSXParserMixin.jsxParseElement (D:\HACKATHON\JolBondhuApp\node_modules\@babel\parser\lib\index.js:4749:17)
      at JSXParserMixin.parseExprAtom (D:\HACKATHON\JolBondhuApp\node_modules\@babel\parser\lib\index.js:4759:19)
      at JSXParserMixin.parseExprSubscripts (D:\HACKATHON\JolBondhuApp\node_modules\@babel\parser\lib\index.js:11071:23)
      at JSXParserMixin.parseUpdate (D:\HACKATHON\JolBondhuApp\node_modules\@babel\parser\lib\index.js:11056:21)
      at JSXParserMixin.parseMaybeUnary (D:\HACKATHON\JolBondhuApp\node_modules\@babel\parser\lib\index.js:11036:23)
      at JSXParserMixin.parseMaybeUnaryOrPrivate (D:\HACKATHON\JolBondhuApp\node_modules\@babel\parser\lib\index.js:10889:61)
      at JSXParserMixin.parseExprOps (D:\HACKATHON\JolBondhuApp\node_modules\@babel\parser\lib\index.js:10894:23)
      at JSXParserMixin.parseMaybeConditional (D:\HACKATHON\JolBondhuApp\node_modules\@babel\parser\lib\index.js:10871:23)
      at JSXParserMixin.parseMaybeAssign (D:\HACKATHON\JolBondhuApp\node_modules\@babel\parser\lib\index.js:10821:21)
      at D:\HACKATHON\JolBondhuApp\node_modules\@babel\parser\lib\index.js:10790:39
      at JSXParserMixin.allowInAnd (D:\HACKATHON\JolBondhuApp\node_modules\@babel\parser\lib\index.js:12416:12)
      at JSXParserMixin.parseMaybeAssignAllowIn (D:\HACKATHON\JolBondhuApp\node_modules\@babel\parser\lib\index.js:10790:17)
      at JSXParserMixin.parseMaybeAssignAllowInOrVoidPattern (D:\HACKATHON\JolBondhuApp\node_modules\@babel\parser\lib\index.js:12483:17)
      at JSXParserMixin.parseParenAndDistinguishExpression (D:\HACKATHON\JolBondhuApp\node_modules\@babel\parser\lib\index.js:11665:28)
      at JSXParserMixin.parseExprAtom (D:\HACKATHON\JolBondhuApp\node_modules\@babel\parser\lib\index.js:11321:23)
      at JSXParserMixin.parseExprAtom (D:\HACKATHON\JolBondhuApp\node_modules\@babel\parser\lib\index.js:4764:20)
      at JSXParserMixin.parseExprSubscripts (D:\HACKATHON\JolBondhuApp\node_modules\@babel\parser\lib\index.js:11071:23)
      at JSXParserMixin.parseUpdate (D:\HACKATHON\JolBondhuApp\node_modules\@babel\parser\lib\index.js:11056:21)
      at JSXParserMixin.parseMaybeUnary (D:\HACKATHON\JolBondhuApp\node_modules\@babel\parser\lib\index.js:11036:23)
      at JSXParserMixin.parseMaybeUnaryOrPrivate (D:\HACKATHON\JolBondhuApp\node_modules\@babel\parser\lib\index.js:10889:61)
      at JSXParserMixin.parseExprOps (D:\HACKATHON\JolBondhuApp\node_modules\@babel\parser\lib\index.js:10894:23)
      at JSXParserMixin.parseMaybeConditional (D:\HACKATHON\JolBondhuApp\node_modules\@babel\parser\lib\index.js:10871:23)
      at JSXParserMixin.parseMaybeAssign (D:\HACKATHON\JolBondhuApp\node_modules\@babel\parser\lib\index.js:10821:21)
      at JSXParserMixin.parseExpressionBase (D:\HACKATHON\JolBondhuApp\node_modules\@babel\parser\lib\index.js:10774:23)
      at D:\HACKATHON\JolBondhuApp\node_modules\@babel\parser\lib\index.js:10770:39
      at JSXParserMixin.allowInAnd (D:\HACKATHON\JolBondhuApp\node_modules\@babel\parser\lib\index.js:12411:16)
      at JSXParserMixin.parseExpression (D:\HACKATHON\JolBondhuApp\node_modules\@babel\parser\lib\index.js:10770:17)
      at JSXParserMixin.parseReturnStatement (D:\HACKATHON\JolBondhuApp\node_modules\@babel\parser\lib\index.js:13132:28)
      at JSXParserMixin.parseStatementContent (D:\HACKATHON\JolBondhuApp\node_modules\@babel\parser\lib\index.js:12788:21)
      at JSXParserMixin.parseStatementLike (D:\HACKATHON\JolBondhuApp\node_modules\@babel\parser\lib\index.js:12757:17)
      at JSXParserMixin.parseStatementListItem (D:\HACKATHON\JolBondhuApp\node_modules\@babel\parser\lib\index.js:12737:17)
      at JSXParserMixin.parseSwitchStatement (D:\HACKATHON\JolBondhuApp\node_modules\@babel\parser\lib\index.js:13164:36)
      at JSXParserMixin.parseStatementContent (D:\HACKATHON\JolBondhuApp\node_modules\@babel\parser\lib\index.js:12790:21)
      at JSXParserMixin.parseStatementLike (D:\HACKATHON\JolBondhuApp\node_modules\@babel\parser\lib\index.js:12757:17)
      at JSXParserMixin.parseStatementListItem (D:\HACKATHON\JolBondhuApp\node_modules\@babel\parser\lib\index.js:12737:17)
      at JSXParserMixin.parseBlockOrModuleBlockBody (D:\HACKATHON\JolBondhuApp\node_modules\@babel\parser\lib\index.js:13306:61)
[2m5:00:25 PM[22m [31m[1m[vite][22m[39m [31mInternal server error: D:\HACKATHON\JolBondhuApp\src\components\LocationPermissionModal.jsx: Unexpected token, expected ":" (192:75)

[0m [90m 190 |[31m             [33m<[31m[33mp[31m className[33m=[31m[32m"text-gray-500 dark:text-slate-400 mb-4"[31m[33m>[31m
 [90m 191 |[31m               {language [33m===[31m [32m'as'[31m
[31m[1m>[22m[31m[90m 192 |[31m                 [33m?[31m [32m'অৱস্থান অনুমতি অস্বীকৃত হৈছে। কিছুমান বৈশিষ্ট্য সীমিত হ'[31mব।[32m'[31m
 [90m     |[31m                                                                            [31m[1m^[22m[31m
 [90m 193 |[31m                 [33m:[31m [32m'Location permission was denied. Some features will be limited.'[31m}
 [90m 194 |[31m             [33m<[31m[33m/[31m[33mp[31m[33m>[31m
 [90m 195 |[31m             [33m<[31m[33mdiv[31m className[33m=[31m[32m"bg-yellow-50 dark:bg-yellow-900/20 border border-yellow-200 dark:border-yellow-800 rounded-xl p-4 mb-6"[31m[33m>[31m[0m[39m
  Plugin: [35mvite:react-babel[39m
  File: [36mD:/HACKATHON/JolBondhuApp/src/components/LocationPermissionModal.jsx[39m:192:75
[33m  190|              <p className="text-gray-500 dark:text-slate-400 mb-4">
  191|                {language === 'as'
  192|                  ? 'অৱস্থান অনুমতি অস্বীকৃত হৈছে। কিছুমান বৈশিষ্ট্য সীমিত হ'ব।'
     |                                                                             ^
  193|                  : 'Location permission was denied. Some features will be limited.'}
  194|              </p>[39m
      at constructor (D:\HACKATHON\JolBondhuApp\node_modules\@babel\parser\lib\index.js:365:19)
      at JSXParserMixin.raise (D:\HACKATHON\JolBondhuApp\node_modules\@babel\parser\lib\index.js:6599:19)
      at JSXParserMixin.unexpected (D:\HACKATHON\JolBondhuApp\node_modules\@babel\parser\lib\index.js:6619:16)
      at JSXParserMixin.expect (D:\HACKATHON\JolBondhuApp\node_modules\@babel\parser\lib\index.js:6899:12)
      at JSXParserMixin.parseConditional (D:\HACKATHON\JolBondhuApp\node_modules\@babel\parser\lib\index.js:10882:12)
      at JSXParserMixin.parseMaybeConditional (D:\HACKATHON\JolBondhuApp\node_modules\@babel\parser\lib\index.js:10875:17)
      at JSXParserMixin.parseMaybeAssign (D:\HACKATHON\JolBondhuApp\node_modules\@babel\parser\lib\index.js:10821:21)
      at JSXParserMixin.parseExpressionBase (D:\HACKATHON\JolBondhuApp\node_modules\@babel\parser\lib\index.js:10774:23)
      at D:\HACKATHON\JolBondhuApp\node_modules\@babel\parser\lib\index.js:10770:39
      at JSXParserMixin.allowInAnd (D:\HACKATHON\JolBondhuApp\node_modules\@babel\parser\lib\index.js:12416:12)
      at JSXParserMixin.parseExpression (D:\HACKATHON\JolBondhuApp\node_modules\@babel\parser\lib\index.js:10770:17)
      at JSXParserMixin.jsxParseExpressionContainer (D:\HACKATHON\JolBondhuApp\node_modules\@babel\parser\lib\index.js:4632:31)
      at JSXParserMixin.jsxParseElementAt (D:\HACKATHON\JolBondhuApp\node_modules\@babel\parser\lib\index.js:4711:36)
      at JSXParserMixin.jsxParseElementAt (D:\HACKATHON\JolBondhuApp\node_modules\@babel\parser\lib\index.js:4698:32)
      at JSXParserMixin.jsxParseElement (D:\HACKATHON\JolBondhuApp\node_modules\@babel\parser\lib\index.js:4749:17)
      at JSXParserMixin.parseExprAtom (D:\HACKATHON\JolBondhuApp\node_modules\@babel\parser\lib\index.js:4759:19)
      at JSXParserMixin.parseExprSubscripts (D:\HACKATHON\JolBondhuApp\node_modules\@babel\parser\lib\index.js:11071:23)
      at JSXParserMixin.parseUpdate (D:\HACKATHON\JolBondhuApp\node_modules\@babel\parser\lib\index.js:11056:21)
      at JSXParserMixin.parseMaybeUnary (D:\HACKATHON\JolBondhuApp\node_modules\@babel\parser\lib\index.js:11036:23)
      at JSXParserMixin.parseMaybeUnaryOrPrivate (D:\HACKATHON\JolBondhuApp\node_modules\@babel\parser\lib\index.js:10889:61)
      at JSXParserMixin.parseExprOps (D:\HACKATHON\JolBondhuApp\node_modules\@babel\parser\lib\index.js:10894:23)
      at JSXParserMixin.parseMaybeConditional (D:\HACKATHON\JolBondhuApp\node_modules\@babel\parser\lib\index.js:10871:23)
      at JSXParserMixin.parseMaybeAssign (D:\HACKATHON\JolBondhuApp\node_modules\@babel\parser\lib\index.js:10821:21)
      at D:\HACKATHON\JolBondhuApp\node_modules\@babel\parser\lib\index.js:10790:39
      at JSXParserMixin.allowInAnd (D:\HACKATHON\JolBondhuApp\node_modules\@babel\parser\lib\index.js:12416:12)
      at JSXParserMixin.parseMaybeAssignAllowIn (D:\HACKATHON\JolBondhuApp\node_modules\@babel\parser\lib\index.js:10790:17)
      at JSXParserMixin.parseMaybeAssignAllowInOrVoidPattern (D:\HACKATHON\JolBondhuApp\node_modules\@babel\parser\lib\index.js:12483:17)
      at JSXParserMixin.parseParenAndDistinguishExpression (D:\HACKATHON\JolBondhuApp\node_modules\@babel\parser\lib\index.js:11665:28)
      at JSXParserMixin.parseExprAtom (D:\HACKATHON\JolBondhuApp\node_modules\@babel\parser\lib\index.js:11321:23)
      at JSXParserMixin.parseExprAtom (D:\HACKATHON\JolBondhuApp\node_modules\@babel\parser\lib\index.js:4764:20)
      at JSXParserMixin.parseExprSubscripts (D:\HACKATHON\JolBondhuApp\node_modules\@babel\parser\lib\index.js:11071:23)
      at JSXParserMixin.parseUpdate (D:\HACKATHON\JolBondhuApp\node_modules\@babel\parser\lib\index.js:11056:21)
      at JSXParserMixin.parseMaybeUnary (D:\HACKATHON\JolBondhuApp\node_modules\@babel\parser\lib\index.js:11036:23)
      at JSXParserMixin.parseMaybeUnaryOrPrivate (D:\HACKATHON\JolBondhuApp\node_modules\@babel\parser\lib\index.js:10889:61)
      at JSXParserMixin.parseExprOps (D:\HACKATHON\JolBondhuApp\node_modules\@babel\parser\lib\index.js:10894:23)
      at JSXParserMixin.parseMaybeConditional (D:\HACKATHON\JolBondhuApp\node_modules\@babel\parser\lib\index.js:10871:23)
      at JSXParserMixin.parseMaybeAssign (D:\HACKATHON\JolBondhuApp\node_modules\@babel\parser\lib\index.js:10821:21)
      at JSXParserMixin.parseExpressionBase (D:\HACKATHON\JolBondhuApp\node_modules\@babel\parser\lib\index.js:10774:23)
      at D:\HACKATHON\JolBondhuApp\node_modules\@babel\parser\lib\index.js:10770:39
      at JSXParserMixin.allowInAnd (D:\HACKATHON\JolBondhuApp\node_modules\@babel\parser\lib\index.js:12411:16)
      at JSXParserMixin.parseExpression (D:\HACKATHON\JolBondhuApp\node_modules\@babel\parser\lib\index.js:10770:17)
      at JSXParserMixin.parseReturnStatement (D:\HACKATHON\JolBondhuApp\node_modules\@babel\parser\lib\index.js:13132:28)
      at JSXParserMixin.parseStatementContent (D:\HACKATHON\JolBondhuApp\node_modules\@babel\parser\lib\index.js:12788:21)
      at JSXParserMixin.parseStatementLike (D:\HACKATHON\JolBondhuApp\node_modules\@babel\parser\lib\index.js:12757:17)
      at JSXParserMixin.parseStatementListItem (D:\HACKATHON\JolBondhuApp\node_modules\@babel\parser\lib\index.js:12737:17)
      at JSXParserMixin.parseSwitchStatement (D:\HACKATHON\JolBondhuApp\node_modules\@babel\parser\lib\index.js:13164:36)
      at JSXParserMixin.parseStatementContent (D:\HACKATHON\JolBondhuApp\node_modules\@babel\parser\lib\index.js:12790:21)
      at JSXParserMixin.parseStatementLike (D:\HACKATHON\JolBondhuApp\node_modules\@babel\parser\lib\index.js:12757:17)
      at JSXParserMixin.parseStatementListItem (D:\HACKATHON\JolBondhuApp\node_modules\@babel\parser\lib\index.js:12737:17)
      at JSXParserMixin.parseBlockOrModuleBlockBody (D:\HACKATHON\JolBondhuApp\node_modules\@babel\parser\lib\index.js:13306:61)
[2m5:00:27 PM[22m [31m[1m[vite][22m[39m [31mInternal server error: D:\HACKATHON\JolBondhuApp\src\components\LocationPermissionModal.jsx: Unexpected token, expected ":" (192:75)

[0m [90m 190 |[31m             [33m<[31m[33mp[31m className[33m=[31m[32m"text-gray-500 dark:text-slate-400 mb-4"[31m[33m>[31m
 [90m 191 |[31m               {language [33m===[31m [32m'as'[31m
[31m[1m>[22m[31m[90m 192 |[31m                 [33m?[31m [32m'অৱস্থান অনুমতি অস্বীকৃত হৈছে। কিছুমান বৈশিষ্ট্য সীমিত হ'[31mব।[32m'[31m
 [90m     |[31m                                                                            [31m[1m^[22m[31m
 [90m 193 |[31m                 [33m:[31m [32m'Location permission was denied. Some features will be limited.'[31m}
 [90m 194 |[31m             [33m<[31m[33m/[31m[33mp[31m[33m>[31m
 [90m 195 |[31m             [33m<[31m[33mdiv[31m className[33m=[31m[32m"bg-yellow-50 dark:bg-yellow-900/20 border border-yellow-200 dark:border-yellow-800 rounded-xl p-4 mb-6"[31m[33m>[31m[0m[39m
  Plugin: [35mvite:react-babel[39m
  File: [36mD:/HACKATHON/JolBondhuApp/src/components/LocationPermissionModal.jsx[39m:192:75
[33m  190|              <p className="text-gray-500 dark:text-slate-400 mb-4">
  191|                {language === 'as'
  192|                  ? 'অৱস্থান অনুমতি অস্বীকৃত হৈছে। কিছুমান বৈশিষ্ট্য সীমিত হ'ব।'
     |                                                                             ^
  193|                  : 'Location permission was denied. Some features will be limited.'}
  194|              </p>[39m
      at constructor (D:\HACKATHON\JolBondhuApp\node_modules\@babel\parser\lib\index.js:365:19)
      at JSXParserMixin.raise (D:\HACKATHON\JolBondhuApp\node_modules\@babel\parser\lib\index.js:6599:19)
      at JSXParserMixin.unexpected (D:\HACKATHON\JolBondhuApp\node_modules\@babel\parser\lib\index.js:6619:16)
      at JSXParserMixin.expect (D:\HACKATHON\JolBondhuApp\node_modules\@babel\parser\lib\index.js:6899:12)
      at JSXParserMixin.parseConditional (D:\HACKATHON\JolBondhuApp\node_modules\@babel\parser\lib\index.js:10882:12)
      at JSXParserMixin.parseMaybeConditional (D:\HACKATHON\JolBondhuApp\node_modules\@babel\parser\lib\index.js:10875:17)
      at JSXParserMixin.parseMaybeAssign (D:\HACKATHON\JolBondhuApp\node_modules\@babel\parser\lib\index.js:10821:21)
      at JSXParserMixin.parseExpressionBase (D:\HACKATHON\JolBondhuApp\node_modules\@babel\parser\lib\index.js:10774:23)
      at D:\HACKATHON\JolBondhuApp\node_modules\@babel\parser\lib\index.js:10770:39
      at JSXParserMixin.allowInAnd (D:\HACKATHON\JolBondhuApp\node_modules\@babel\parser\lib\index.js:12416:12)
      at JSXParserMixin.parseExpression (D:\HACKATHON\JolBondhuApp\node_modules\@babel\parser\lib\index.js:10770:17)
      at JSXParserMixin.jsxParseExpressionContainer (D:\HACKATHON\JolBondhuApp\node_modules\@babel\parser\lib\index.js:4632:31)
      at JSXParserMixin.jsxParseElementAt (D:\HACKATHON\JolBondhuApp\node_modules\@babel\parser\lib\index.js:4711:36)
      at JSXParserMixin.jsxParseElementAt (D:\HACKATHON\JolBondhuApp\node_modules\@babel\parser\lib\index.js:4698:32)
      at JSXParserMixin.jsxParseElement (D:\HACKATHON\JolBondhuApp\node_modules\@babel\parser\lib\index.js:4749:17)
      at JSXParserMixin.parseExprAtom (D:\HACKATHON\JolBondhuApp\node_modules\@babel\parser\lib\index.js:4759:19)
      at JSXParserMixin.parseExprSubscripts (D:\HACKATHON\JolBondhuApp\node_modules\@babel\parser\lib\index.js:11071:23)
      at JSXParserMixin.parseUpdate (D:\HACKATHON\JolBondhuApp\node_modules\@babel\parser\lib\index.js:11056:21)
      at JSXParserMixin.parseMaybeUnary (D:\HACKATHON\JolBondhuApp\node_modules\@babel\parser\lib\index.js:11036:23)
      at JSXParserMixin.parseMaybeUnaryOrPrivate (D:\HACKATHON\JolBondhuApp\node_modules\@babel\parser\lib\index.js:10889:61)
      at JSXParserMixin.parseExprOps (D:\HACKATHON\JolBondhuApp\node_modules\@babel\parser\lib\index.js:10894:23)
      at JSXParserMixin.parseMaybeConditional (D:\HACKATHON\JolBondhuApp\node_modules\@babel\parser\lib\index.js:10871:23)
      at JSXParserMixin.parseMaybeAssign (D:\HACKATHON\JolBondhuApp\node_modules\@babel\parser\lib\index.js:10821:21)
      at D:\HACKATHON\JolBondhuApp\node_modules\@babel\parser\lib\index.js:10790:39
      at JSXParserMixin.allowInAnd (D:\HACKATHON\JolBondhuApp\node_modules\@babel\parser\lib\index.js:12416:12)
      at JSXParserMixin.parseMaybeAssignAllowIn (D:\HACKATHON\JolBondhuApp\node_modules\@babel\parser\lib\index.js:10790:17)
      at JSXParserMixin.parseMaybeAssignAllowInOrVoidPattern (D:\HACKATHON\JolBondhuApp\node_modules\@babel\parser\lib\index.js:12483:17)
      at JSXParserMixin.parseParenAndDistinguishExpression (D:\HACKATHON\JolBondhuApp\node_modules\@babel\parser\lib\index.js:11665:28)
      at JSXParserMixin.parseExprAtom (D:\HACKATHON\JolBondhuApp\node_modules\@babel\parser\lib\index.js:11321:23)
      at JSXParserMixin.parseExprAtom (D:\HACKATHON\JolBondhuApp\node_modules\@babel\parser\lib\index.js:4764:20)
      at JSXParserMixin.parseExprSubscripts (D:\HACKATHON\JolBondhuApp\node_modules\@babel\parser\lib\index.js:11071:23)
      at JSXParserMixin.parseUpdate (D:\HACKATHON\JolBondhuApp\node_modules\@babel\parser\lib\index.js:11056:21)
      at JSXParserMixin.parseMaybeUnary (D:\HACKATHON\JolBondhuApp\node_modules\@babel\parser\lib\index.js:11036:23)
      at JSXParserMixin.parseMaybeUnaryOrPrivate (D:\HACKATHON\JolBondhuApp\node_modules\@babel\parser\lib\index.js:10889:61)
      at JSXParserMixin.parseExprOps (D:\HACKATHON\JolBondhuApp\node_modules\@babel\parser\lib\index.js:10894:23)
      at JSXParserMixin.parseMaybeConditional (D:\HACKATHON\JolBondhuApp\node_modules\@babel\parser\lib\index.js:10871:23)
      at JSXParserMixin.parseMaybeAssign (D:\HACKATHON\JolBondhuApp\node_modules\@babel\parser\lib\index.js:10821:21)
      at JSXParserMixin.parseExpressionBase (D:\HACKATHON\JolBondhuApp\node_modules\@babel\parser\lib\index.js:10774:23)
      at D:\HACKATHON\JolBondhuApp\node_modules\@babel\parser\lib\index.js:10770:39
      at JSXParserMixin.allowInAnd (D:\HACKATHON\JolBondhuApp\node_modules\@babel\parser\lib\index.js:12411:16)
      at JSXParserMixin.parseExpression (D:\HACKATHON\JolBondhuApp\node_modules\@babel\parser\lib\index.js:10770:17)
      at JSXParserMixin.parseReturnStatement (D:\HACKATHON\JolBondhuApp\node_modules\@babel\parser\lib\index.js:13132:28)
      at JSXParserMixin.parseStatementContent (D:\HACKATHON\JolBondhuApp\node_modules\@babel\parser\lib\index.js:12788:21)
      at JSXParserMixin.parseStatementLike (D:\HACKATHON\JolBondhuApp\node_modules\@babel\parser\lib\index.js:12757:17)
      at JSXParserMixin.parseStatementListItem (D:\HACKATHON\JolBondhuApp\node_modules\@babel\parser\lib\index.js:12737:17)
      at JSXParserMixin.parseSwitchStatement (D:\HACKATHON\JolBondhuApp\node_modules\@babel\parser\lib\index.js:13164:36)
      at JSXParserMixin.parseStatementContent (D:\HACKATHON\JolBondhuApp\node_modules\@babel\parser\lib\index.js:12790:21)
      at JSXParserMixin.parseStatementLike (D:\HACKATHON\JolBondhuApp\node_modules\@babel\parser\lib\index.js:12757:17)
      at JSXParserMixin.parseStatementListItem (D:\HACKATHON\JolBondhuApp\node_modules\@babel\parser\lib\index.js:12737:17)
      at JSXParserMixin.parseBlockOrModuleBlockBody (D:\HACKATHON\JolBondhuApp\node_modules\@babel\parser\lib\index.js:13306:61)
[2m5:00:37 PM[22m [31m[1m[vite][22m[39m [31mInternal server error: D:\HACKATHON\JolBondhuApp\src\components\LocationPermissionModal.jsx: Unexpected token, expected ":" (192:75)

[0m [90m 190 |[31m             [33m<[31m[33mp[31m className[33m=[31m[32m"text-gray-500 dark:text-slate-400 mb-4"[31m[33m>[31m
 [90m 191 |[31m               {language [33m===[31m [32m'as'[31m
[31m[1m>[22m[31m[90m 192 |[31m                 [33m?[31m [32m'অৱস্থান অনুমতি অস্বীকৃত হৈছে। কিছুমান বৈশিষ্ট্য সীমিত হ'[31mব।[32m'[31m
 [90m     |[31m                                                                            [31m[1m^[22m[31m
 [90m 193 |[31m                 [33m:[31m [32m'Location permission was denied. Some features will be limited.'[31m}
 [90m 194 |[31m             [33m<[31m[33m/[31m[33mp[31m[33m>[31m
 [90m 195 |[31m             [33m<[31m[33mdiv[31m className[33m=[31m[32m"bg-yellow-50 dark:bg-yellow-900/20 border border-yellow-200 dark:border-yellow-800 rounded-xl p-4 mb-6"[31m[33m>[31m[0m[39m
  Plugin: [35mvite:react-babel[39m
  File: [36mD:/HACKATHON/JolBondhuApp/src/components/LocationPermissionModal.jsx[39m:192:75
[33m  190|              <p className="text-gray-500 dark:text-slate-400 mb-4">
  191|                {language === 'as'
  192|                  ? 'অৱস্থান অনুমতি অস্বীকৃত হৈছে। কিছুমান বৈশিষ্ট্য সীমিত হ'ব।'
     |                                                                             ^
  193|                  : 'Location permission was denied. Some features will be limited.'}
  194|              </p>[39m
      at constructor (D:\HACKATHON\JolBondhuApp\node_modules\@babel\parser\lib\index.js:365:19)
      at JSXParserMixin.raise (D:\HACKATHON\JolBondhuApp\node_modules\@babel\parser\lib\index.js:6599:19)
      at JSXParserMixin.unexpected (D:\HACKATHON\JolBondhuApp\node_modules\@babel\parser\lib\index.js:6619:16)
      at JSXParserMixin.expect (D:\HACKATHON\JolBondhuApp\node_modules\@babel\parser\lib\index.js:6899:12)
      at JSXParserMixin.parseConditional (D:\HACKATHON\JolBondhuApp\node_modules\@babel\parser\lib\index.js:10882:12)
      at JSXParserMixin.parseMaybeConditional (D:\HACKATHON\JolBondhuApp\node_modules\@babel\parser\lib\index.js:10875:17)
      at JSXParserMixin.parseMaybeAssign (D:\HACKATHON\JolBondhuApp\node_modules\@babel\parser\lib\index.js:10821:21)
      at JSXParserMixin.parseExpressionBase (D:\HACKATHON\JolBondhuApp\node_modules\@babel\parser\lib\index.js:10774:23)
      at D:\HACKATHON\JolBondhuApp\node_modules\@babel\parser\lib\index.js:10770:39
      at JSXParserMixin.allowInAnd (D:\HACKATHON\JolBondhuApp\node_modules\@babel\parser\lib\index.js:12416:12)
      at JSXParserMixin.parseExpression (D:\HACKATHON\JolBondhuApp\node_modules\@babel\parser\lib\index.js:10770:17)
      at JSXParserMixin.jsxParseExpressionContainer (D:\HACKATHON\JolBondhuApp\node_modules\@babel\parser\lib\index.js:4632:31)
      at JSXParserMixin.jsxParseElementAt (D:\HACKATHON\JolBondhuApp\node_modules\@babel\parser\lib\index.js:4711:36)
      at JSXParserMixin.jsxParseElementAt (D:\HACKATHON\JolBondhuApp\node_modules\@babel\parser\lib\index.js:4698:32)
      at JSXParserMixin.jsxParseElement (D:\HACKATHON\JolBondhuApp\node_modules\@babel\parser\lib\index.js:4749:17)
      at JSXParserMixin.parseExprAtom (D:\HACKATHON\JolBondhuApp\node_modules\@babel\parser\lib\index.js:4759:19)
      at JSXParserMixin.parseExprSubscripts (D:\HACKATHON\JolBondhuApp\node_modules\@babel\parser\lib\index.js:11071:23)
      at JSXParserMixin.parseUpdate (D:\HACKATHON\JolBondhuApp\node_modules\@babel\parser\lib\index.js:11056:21)
      at JSXParserMixin.parseMaybeUnary (D:\HACKATHON\JolBondhuApp\node_modules\@babel\parser\lib\index.js:11036:23)
      at JSXParserMixin.parseMaybeUnaryOrPrivate (D:\HACKATHON\JolBondhuApp\node_modules\@babel\parser\lib\index.js:10889:61)
      at JSXParserMixin.parseExprOps (D:\HACKATHON\JolBondhuApp\node_modules\@babel\parser\lib\index.js:10894:23)
      at JSXParserMixin.parseMaybeConditional (D:\HACKATHON\JolBondhuApp\node_modules\@babel\parser\lib\index.js:10871:23)
      at JSXParserMixin.parseMaybeAssign (D:\HACKATHON\JolBondhuApp\node_modules\@babel\parser\lib\index.js:10821:21)
      at D:\HACKATHON\JolBondhuApp\node_modules\@babel\parser\lib\index.js:10790:39
      at JSXParserMixin.allowInAnd (D:\HACKATHON\JolBondhuApp\node_modules\@babel\parser\lib\index.js:12416:12)
      at JSXParserMixin.parseMaybeAssignAllowIn (D:\HACKATHON\JolBondhuApp\node_modules\@babel\parser\lib\index.js:10790:17)
      at JSXParserMixin.parseMaybeAssignAllowInOrVoidPattern (D:\HACKATHON\JolBondhuApp\node_modules\@babel\parser\lib\index.js:12483:17)
      at JSXParserMixin.parseParenAndDistinguishExpression (D:\HACKATHON\JolBondhuApp\node_modules\@babel\parser\lib\index.js:11665:28)
      at JSXParserMixin.parseExprAtom (D:\HACKATHON\JolBondhuApp\node_modules\@babel\parser\lib\index.js:11321:23)
      at JSXParserMixin.parseExprAtom (D:\HACKATHON\JolBondhuApp\node_modules\@babel\parser\lib\index.js:4764:20)
      at JSXParserMixin.parseExprSubscripts (D:\HACKATHON\JolBondhuApp\node_modules\@babel\parser\lib\index.js:11071:23)
      at JSXParserMixin.parseUpdate (D:\HACKATHON\JolBondhuApp\node_modules\@babel\parser\lib\index.js:11056:21)
      at JSXParserMixin.parseMaybeUnary (D:\HACKATHON\JolBondhuApp\node_modules\@babel\parser\lib\index.js:11036:23)
      at JSXParserMixin.parseMaybeUnaryOrPrivate (D:\HACKATHON\JolBondhuApp\node_modules\@babel\parser\lib\index.js:10889:61)
      at JSXParserMixin.parseExprOps (D:\HACKATHON\JolBondhuApp\node_modules\@babel\parser\lib\index.js:10894:23)
      at JSXParserMixin.parseMaybeConditional (D:\HACKATHON\JolBondhuApp\node_modules\@babel\parser\lib\index.js:10871:23)
      at JSXParserMixin.parseMaybeAssign (D:\HACKATHON\JolBondhuApp\node_modules\@babel\parser\lib\index.js:10821:21)
      at JSXParserMixin.parseExpressionBase (D:\HACKATHON\JolBondhuApp\node_modules\@babel\parser\lib\index.js:10774:23)
      at D:\HACKATHON\JolBondhuApp\node_modules\@babel\parser\lib\index.js:10770:39
      at JSXParserMixin.allowInAnd (D:\HACKATHON\JolBondhuApp\node_modules\@babel\parser\lib\index.js:12411:16)
      at JSXParserMixin.parseExpression (D:\HACKATHON\JolBondhuApp\node_modules\@babel\parser\lib\index.js:10770:17)
      at JSXParserMixin.parseReturnStatement (D:\HACKATHON\JolBondhuApp\node_modules\@babel\parser\lib\index.js:13132:28)
      at JSXParserMixin.parseStatementContent (D:\HACKATHON\JolBondhuApp\node_modules\@babel\parser\lib\index.js:12788:21)
      at JSXParserMixin.parseStatementLike (D:\HACKATHON\JolBondhuApp\node_modules\@babel\parser\lib\index.js:12757:17)
      at JSXParserMixin.parseStatementListItem (D:\HACKATHON\JolBondhuApp\node_modules\@babel\parser\lib\index.js:12737:17)
      at JSXParserMixin.parseSwitchStatement (D:\HACKATHON\JolBondhuApp\node_modules\@babel\parser\lib\index.js:13164:36)
      at JSXParserMixin.parseStatementContent (D:\HACKATHON\JolBondhuApp\node_modules\@babel\parser\lib\index.js:12790:21)
      at JSXParserMixin.parseStatementLike (D:\HACKATHON\JolBondhuApp\node_modules\@babel\parser\lib\index.js:12757:17)
      at JSXParserMixin.parseStatementListItem (D:\HACKATHON\JolBondhuApp\node_modules\@babel\parser\lib\index.js:12737:17)
      at JSXParserMixin.parseBlockOrModuleBlockBody (D:\HACKATHON\JolBondhuApp\node_modules\@babel\parser\lib\index.js:13306:61)
[2m5:00:40 PM[22m [31m[1m[vite][22m[39m [31mInternal server error: D:\HACKATHON\JolBondhuApp\src\components\LocationPermissionModal.jsx: Unexpected token, expected ":" (192:75)

[0m [90m 190 |[31m             [33m<[31m[33mp[31m className[33m=[31m[32m"text-gray-500 dark:text-slate-400 mb-4"[31m[33m>[31m
 [90m 191 |[31m               {language [33m===[31m [32m'as'[31m
[31m[1m>[22m[31m[90m 192 |[31m                 [33m?[31m [32m'অৱস্থান অনুমতি অস্বীকৃত হৈছে। কিছুমান বৈশিষ্ট্য সীমিত হ'[31mব।[32m'[31m
 [90m     |[31m                                                                            [31m[1m^[22m[31m
 [90m 193 |[31m                 [33m:[31m [32m'Location permission was denied. Some features will be limited.'[31m}
 [90m 194 |[31m             [33m<[31m[33m/[31m[33mp[31m[33m>[31m
 [90m 195 |[31m             [33m<[31m[33mdiv[31m className[33m=[31m[32m"bg-yellow-50 dark:bg-yellow-900/20 border border-yellow-200 dark:border-yellow-800 rounded-xl p-4 mb-6"[31m[33m>[31m[0m[39m
  Plugin: [35mvite:react-babel[39m
  File: [36mD:/HACKATHON/JolBondhuApp/src/components/LocationPermissionModal.jsx[39m:192:75
[33m  190|              <p className="text-gray-500 dark:text-slate-400 mb-4">
  191|                {language === 'as'
  192|                  ? 'অৱস্থান অনুমতি অস্বীকৃত হৈছে। কিছুমান বৈশিষ্ট্য সীমিত হ'ব।'
     |                                                                             ^
  193|                  : 'Location permission was denied. Some features will be limited.'}
  194|              </p>[39m
      at constructor (D:\HACKATHON\JolBondhuApp\node_modules\@babel\parser\lib\index.js:365:19)
      at JSXParserMixin.raise (D:\HACKATHON\JolBondhuApp\node_modules\@babel\parser\lib\index.js:6599:19)
      at JSXParserMixin.unexpected (D:\HACKATHON\JolBondhuApp\node_modules\@babel\parser\lib\index.js:6619:16)
      at JSXParserMixin.expect (D:\HACKATHON\JolBondhuApp\node_modules\@babel\parser\lib\index.js:6899:12)
      at JSXParserMixin.parseConditional (D:\HACKATHON\JolBondhuApp\node_modules\@babel\parser\lib\index.js:10882:12)
      at JSXParserMixin.parseMaybeConditional (D:\HACKATHON\JolBondhuApp\node_modules\@babel\parser\lib\index.js:10875:17)
      at JSXParserMixin.parseMaybeAssign (D:\HACKATHON\JolBondhuApp\node_modules\@babel\parser\lib\index.js:10821:21)
      at JSXParserMixin.parseExpressionBase (D:\HACKATHON\JolBondhuApp\node_modules\@babel\parser\lib\index.js:10774:23)
      at D:\HACKATHON\JolBondhuApp\node_modules\@babel\parser\lib\index.js:10770:39
      at JSXParserMixin.allowInAnd (D:\HACKATHON\JolBondhuApp\node_modules\@babel\parser\lib\index.js:12416:12)
      at JSXParserMixin.parseExpression (D:\HACKATHON\JolBondhuApp\node_modules\@babel\parser\lib\index.js:10770:17)
      at JSXParserMixin.jsxParseExpressionContainer (D:\HACKATHON\JolBondhuApp\node_modules\@babel\parser\lib\index.js:4632:31)
      at JSXParserMixin.jsxParseElementAt (D:\HACKATHON\JolBondhuApp\node_modules\@babel\parser\lib\index.js:4711:36)
      at JSXParserMixin.jsxParseElementAt (D:\HACKATHON\JolBondhuApp\node_modules\@babel\parser\lib\index.js:4698:32)
      at JSXParserMixin.jsxParseElement (D:\HACKATHON\JolBondhuApp\node_modules\@babel\parser\lib\index.js:4749:17)
      at JSXParserMixin.parseExprAtom (D:\HACKATHON\JolBondhuApp\node_modules\@babel\parser\lib\index.js:4759:19)
      at JSXParserMixin.parseExprSubscripts (D:\HACKATHON\JolBondhuApp\node_modules\@babel\parser\lib\index.js:11071:23)
      at JSXParserMixin.parseUpdate (D:\HACKATHON\JolBondhuApp\node_modules\@babel\parser\lib\index.js:11056:21)
      at JSXParserMixin.parseMaybeUnary (D:\HACKATHON\JolBondhuApp\node_modules\@babel\parser\lib\index.js:11036:23)
      at JSXParserMixin.parseMaybeUnaryOrPrivate (D:\HACKATHON\JolBondhuApp\node_modules\@babel\parser\lib\index.js:10889:61)
      at JSXParserMixin.parseExprOps (D:\HACKATHON\JolBondhuApp\node_modules\@babel\parser\lib\index.js:10894:23)
      at JSXParserMixin.parseMaybeConditional (D:\HACKATHON\JolBondhuApp\node_modules\@babel\parser\lib\index.js:10871:23)
      at JSXParserMixin.parseMaybeAssign (D:\HACKATHON\JolBondhuApp\node_modules\@babel\parser\lib\index.js:10821:21)
      at D:\HACKATHON\JolBondhuApp\node_modules\@babel\parser\lib\index.js:10790:39
      at JSXParserMixin.allowInAnd (D:\HACKATHON\JolBondhuApp\node_modules\@babel\parser\lib\index.js:12416:12)
      at JSXParserMixin.parseMaybeAssignAllowIn (D:\HACKATHON\JolBondhuApp\node_modules\@babel\parser\lib\index.js:10790:17)
      at JSXParserMixin.parseMaybeAssignAllowInOrVoidPattern (D:\HACKATHON\JolBondhuApp\node_modules\@babel\parser\lib\index.js:12483:17)
      at JSXParserMixin.parseParenAndDistinguishExpression (D:\HACKATHON\JolBondhuApp\node_modules\@babel\parser\lib\index.js:11665:28)
      at JSXParserMixin.parseExprAtom (D:\HACKATHON\JolBondhuApp\node_modules\@babel\parser\lib\index.js:11321:23)
      at JSXParserMixin.parseExprAtom (D:\HACKATHON\JolBondhuApp\node_modules\@babel\parser\lib\index.js:4764:20)
      at JSXParserMixin.parseExprSubscripts (D:\HACKATHON\JolBondhuApp\node_modules\@babel\parser\lib\index.js:11071:23)
      at JSXParserMixin.parseUpdate (D:\HACKATHON\JolBondhuApp\node_modules\@babel\parser\lib\index.js:11056:21)
      at JSXParserMixin.parseMaybeUnary (D:\HACKATHON\JolBondhuApp\node_modules\@babel\parser\lib\index.js:11036:23)
      at JSXParserMixin.parseMaybeUnaryOrPrivate (D:\HACKATHON\JolBondhuApp\node_modules\@babel\parser\lib\index.js:10889:61)
      at JSXParserMixin.parseExprOps (D:\HACKATHON\JolBondhuApp\node_modules\@babel\parser\lib\index.js:10894:23)
      at JSXParserMixin.parseMaybeConditional (D:\HACKATHON\JolBondhuApp\node_modules\@babel\parser\lib\index.js:10871:23)
      at JSXParserMixin.parseMaybeAssign (D:\HACKATHON\JolBondhuApp\node_modules\@babel\parser\lib\index.js:10821:21)
      at JSXParserMixin.parseExpressionBase (D:\HACKATHON\JolBondhuApp\node_modules\@babel\parser\lib\index.js:10774:23)
      at D:\HACKATHON\JolBondhuApp\node_modules\@babel\parser\lib\index.js:10770:39
      at JSXParserMixin.allowInAnd (D:\HACKATHON\JolBondhuApp\node_modules\@babel\parser\lib\index.js:12411:16)
      at JSXParserMixin.parseExpression (D:\HACKATHON\JolBondhuApp\node_modules\@babel\parser\lib\index.js:10770:17)
      at JSXParserMixin.parseReturnStatement (D:\HACKATHON\JolBondhuApp\node_modules\@babel\parser\lib\index.js:13132:28)
      at JSXParserMixin.parseStatementContent (D:\HACKATHON\JolBondhuApp\node_modules\@babel\parser\lib\index.js:12788:21)
      at JSXParserMixin.parseStatementLike (D:\HACKATHON\JolBondhuApp\node_modules\@babel\parser\lib\index.js:12757:17)
      at JSXParserMixin.parseStatementListItem (D:\HACKATHON\JolBondhuApp\node_modules\@babel\parser\lib\index.js:12737:17)
      at JSXParserMixin.parseSwitchStatement (D:\HACKATHON\JolBondhuApp\node_modules\@babel\parser\lib\index.js:13164:36)
      at JSXParserMixin.parseStatementContent (D:\HACKATHON\JolBondhuApp\node_modules\@babel\parser\lib\index.js:12790:21)
      at JSXParserMixin.parseStatementLike (D:\HACKATHON\JolBondhuApp\node_modules\@babel\parser\lib\index.js:12757:17)
      at JSXParserMixin.parseStatementListItem (D:\HACKATHON\JolBondhuApp\node_modules\@babel\parser\lib\index.js:12737:17)
      at JSXParserMixin.parseBlockOrModuleBlockBody (D:\HACKATHON\JolBondhuApp\node_modules\@babel\parser\lib\index.js:13306:61)
[2m5:00:51 PM[22m [31m[1m[vite][22m[39m [31mInternal server error: D:\HACKATHON\JolBondhuApp\src\components\LocationPermissionModal.jsx: Unexpected token, expected ":" (192:75)

[0m [90m 190 |[31m             [33m<[31m[33mp[31m className[33m=[31m[32m"text-gray-500 dark:text-slate-400 mb-4"[31m[33m>[31m
 [90m 191 |[31m               {language [33m===[31m [32m'as'[31m
[31m[1m>[22m[31m[90m 192 |[31m                 [33m?[31m [32m'অৱস্থান অনুমতি অস্বীকৃত হৈছে। কিছুমান বৈশিষ্ট্য সীমিত হ'[31mব।[32m'[31m
 [90m     |[31m                                                                            [31m[1m^[22m[31m
 [90m 193 |[31m                 [33m:[31m [32m'Location permission was denied. Some features will be limited.'[31m}
 [90m 194 |[31m             [33m<[31m[33m/[31m[33mp[31m[33m>[31m
 [90m 195 |[31m             [33m<[31m[33mdiv[31m className[33m=[31m[32m"bg-yellow-50 dark:bg-yellow-900/20 border border-yellow-200 dark:border-yellow-800 rounded-xl p-4 mb-6"[31m[33m>[31m[0m[39m
  Plugin: [35mvite:react-babel[39m
  File: [36mD:/HACKATHON/JolBondhuApp/src/components/LocationPermissionModal.jsx[39m:192:75
[33m  190|              <p className="text-gray-500 dark:text-slate-400 mb-4">
  191|                {language === 'as'
  192|                  ? 'অৱস্থান অনুমতি অস্বীকৃত হৈছে। কিছুমান বৈশিষ্ট্য সীমিত হ'ব।'
     |                                                                             ^
  193|                  : 'Location permission was denied. Some features will be limited.'}
  194|              </p>[39m
      at constructor (D:\HACKATHON\JolBondhuApp\node_modules\@babel\parser\lib\index.js:365:19)
      at JSXParserMixin.raise (D:\HACKATHON\JolBondhuApp\node_modules\@babel\parser\lib\index.js:6599:19)
      at JSXParserMixin.unexpected (D:\HACKATHON\JolBondhuApp\node_modules\@babel\parser\lib\index.js:6619:16)
      at JSXParserMixin.expect (D:\HACKATHON\JolBondhuApp\node_modules\@babel\parser\lib\index.js:6899:12)
      at JSXParserMixin.parseConditional (D:\HACKATHON\JolBondhuApp\node_modules\@babel\parser\lib\index.js:10882:12)
      at JSXParserMixin.parseMaybeConditional (D:\HACKATHON\JolBondhuApp\node_modules\@babel\parser\lib\index.js:10875:17)
      at JSXParserMixin.parseMaybeAssign (D:\HACKATHON\JolBondhuApp\node_modules\@babel\parser\lib\index.js:10821:21)
      at JSXParserMixin.parseExpressionBase (D:\HACKATHON\JolBondhuApp\node_modules\@babel\parser\lib\index.js:10774:23)
      at D:\HACKATHON\JolBondhuApp\node_modules\@babel\parser\lib\index.js:10770:39
      at JSXParserMixin.allowInAnd (D:\HACKATHON\JolBondhuApp\node_modules\@babel\parser\lib\index.js:12416:12)
      at JSXParserMixin.parseExpression (D:\HACKATHON\JolBondhuApp\node_modules\@babel\parser\lib\index.js:10770:17)
      at JSXParserMixin.jsxParseExpressionContainer (D:\HACKATHON\JolBondhuApp\node_modules\@babel\parser\lib\index.js:4632:31)
      at JSXParserMixin.jsxParseElementAt (D:\HACKATHON\JolBondhuApp\node_modules\@babel\parser\lib\index.js:4711:36)
      at JSXParserMixin.jsxParseElementAt (D:\HACKATHON\JolBondhuApp\node_modules\@babel\parser\lib\index.js:4698:32)
      at JSXParserMixin.jsxParseElement (D:\HACKATHON\JolBondhuApp\node_modules\@babel\parser\lib\index.js:4749:17)
      at JSXParserMixin.parseExprAtom (D:\HACKATHON\JolBondhuApp\node_modules\@babel\parser\lib\index.js:4759:19)
      at JSXParserMixin.parseExprSubscripts (D:\HACKATHON\JolBondhuApp\node_modules\@babel\parser\lib\index.js:11071:23)
      at JSXParserMixin.parseUpdate (D:\HACKATHON\JolBondhuApp\node_modules\@babel\parser\lib\index.js:11056:21)
      at JSXParserMixin.parseMaybeUnary (D:\HACKATHON\JolBondhuApp\node_modules\@babel\parser\lib\index.js:11036:23)
      at JSXParserMixin.parseMaybeUnaryOrPrivate (D:\HACKATHON\JolBondhuApp\node_modules\@babel\parser\lib\index.js:10889:61)
      at JSXParserMixin.parseExprOps (D:\HACKATHON\JolBondhuApp\node_modules\@babel\parser\lib\index.js:10894:23)
      at JSXParserMixin.parseMaybeConditional (D:\HACKATHON\JolBondhuApp\node_modules\@babel\parser\lib\index.js:10871:23)
      at JSXParserMixin.parseMaybeAssign (D:\HACKATHON\JolBondhuApp\node_modules\@babel\parser\lib\index.js:10821:21)
      at D:\HACKATHON\JolBondhuApp\node_modules\@babel\parser\lib\index.js:10790:39
      at JSXParserMixin.allowInAnd (D:\HACKATHON\JolBondhuApp\node_modules\@babel\parser\lib\index.js:12416:12)
      at JSXParserMixin.parseMaybeAssignAllowIn (D:\HACKATHON\JolBondhuApp\node_modules\@babel\parser\lib\index.js:10790:17)
      at JSXParserMixin.parseMaybeAssignAllowInOrVoidPattern (D:\HACKATHON\JolBondhuApp\node_modules\@babel\parser\lib\index.js:12483:17)
      at JSXParserMixin.parseParenAndDistinguishExpression (D:\HACKATHON\JolBondhuApp\node_modules\@babel\parser\lib\index.js:11665:28)
      at JSXParserMixin.parseExprAtom (D:\HACKATHON\JolBondhuApp\node_modules\@babel\parser\lib\index.js:11321:23)
      at JSXParserMixin.parseExprAtom (D:\HACKATHON\JolBondhuApp\node_modules\@babel\parser\lib\index.js:4764:20)
      at JSXParserMixin.parseExprSubscripts (D:\HACKATHON\JolBondhuApp\node_modules\@babel\parser\lib\index.js:11071:23)
      at JSXParserMixin.parseUpdate (D:\HACKATHON\JolBondhuApp\node_modules\@babel\parser\lib\index.js:11056:21)
      at JSXParserMixin.parseMaybeUnary (D:\HACKATHON\JolBondhuApp\node_modules\@babel\parser\lib\index.js:11036:23)
      at JSXParserMixin.parseMaybeUnaryOrPrivate (D:\HACKATHON\JolBondhuApp\node_modules\@babel\parser\lib\index.js:10889:61)
      at JSXParserMixin.parseExprOps (D:\HACKATHON\JolBondhuApp\node_modules\@babel\parser\lib\index.js:10894:23)
      at JSXParserMixin.parseMaybeConditional (D:\HACKATHON\JolBondhuApp\node_modules\@babel\parser\lib\index.js:10871:23)
      at JSXParserMixin.parseMaybeAssign (D:\HACKATHON\JolBondhuApp\node_modules\@babel\parser\lib\index.js:10821:21)
      at JSXParserMixin.parseExpressionBase (D:\HACKATHON\JolBondhuApp\node_modules\@babel\parser\lib\index.js:10774:23)
      at D:\HACKATHON\JolBondhuApp\node_modules\@babel\parser\lib\index.js:10770:39
      at JSXParserMixin.allowInAnd (D:\HACKATHON\JolBondhuApp\node_modules\@babel\parser\lib\index.js:12411:16)
      at JSXParserMixin.parseExpression (D:\HACKATHON\JolBondhuApp\node_modules\@babel\parser\lib\index.js:10770:17)
      at JSXParserMixin.parseReturnStatement (D:\HACKATHON\JolBondhuApp\node_modules\@babel\parser\lib\index.js:13132:28)
      at JSXParserMixin.parseStatementContent (D:\HACKATHON\JolBondhuApp\node_modules\@babel\parser\lib\index.js:12788:21)
      at JSXParserMixin.parseStatementLike (D:\HACKATHON\JolBondhuApp\node_modules\@babel\parser\lib\index.js:12757:17)
      at JSXParserMixin.parseStatementListItem (D:\HACKATHON\JolBondhuApp\node_modules\@babel\parser\lib\index.js:12737:17)
      at JSXParserMixin.parseSwitchStatement (D:\HACKATHON\JolBondhuApp\node_modules\@babel\parser\lib\index.js:13164:36)
      at JSXParserMixin.parseStatementContent (D:\HACKATHON\JolBondhuApp\node_modules\@babel\parser\lib\index.js:12790:21)
      at JSXParserMixin.parseStatementLike (D:\HACKATHON\JolBondhuApp\node_modules\@babel\parser\lib\index.js:12757:17)
      at JSXParserMixin.parseStatementListItem (D:\HACKATHON\JolBondhuApp\node_modules\@babel\parser\lib\index.js:12737:17)
      at JSXParserMixin.parseBlockOrModuleBlockBody (D:\HACKATHON\JolBondhuApp\node_modules\@babel\parser\lib\index.js:13306:61)
[2m5:01:31 PM[22m [31m[1m[vite][22m[39m [31mInternal server error: D:\HACKATHON\JolBondhuApp\src\components\LocationPermissionModal.jsx: Unexpected token, expected ":" (192:75)

[0m [90m 190 |[31m             [33m<[31m[33mp[31m className[33m=[31m[32m"text-gray-500 dark:text-slate-400 mb-4"[31m[33m>[31m
 [90m 191 |[31m               {language [33m===[31m [32m'as'[31m
[31m[1m>[22m[31m[90m 192 |[31m                 [33m?[31m [32m'অৱস্থান অনুমতি অস্বীকৃত হৈছে। কিছুমান বৈশিষ্ট্য সীমিত হ'[31mব।[32m'[31m
 [90m     |[31m                                                                            [31m[1m^[22m[31m
 [90m 193 |[31m                 [33m:[31m [32m'Location permission was denied. Some features will be limited.'[31m}
 [90m 194 |[31m             [33m<[31m[33m/[31m[33mp[31m[33m>[31m
 [90m 195 |[31m             [33m<[31m[33mdiv[31m className[33m=[31m[32m"bg-yellow-50 dark:bg-yellow-900/20 border border-yellow-200 dark:border-yellow-800 rounded-xl p-4 mb-6"[31m[33m>[31m[0m[39m
  Plugin: [35mvite:react-babel[39m
  File: [36mD:/HACKATHON/JolBondhuApp/src/components/LocationPermissionModal.jsx[39m:192:75
[33m  190|              <p className="text-gray-500 dark:text-slate-400 mb-4">
  191|                {language === 'as'
  192|                  ? 'অৱস্থান অনুমতি অস্বীকৃত হৈছে। কিছুমান বৈশিষ্ট্য সীমিত হ'ব।'
     |                                                                             ^
  193|                  : 'Location permission was denied. Some features will be limited.'}
  194|              </p>[39m
      at constructor (D:\HACKATHON\JolBondhuApp\node_modules\@babel\parser\lib\index.js:365:19)
      at JSXParserMixin.raise (D:\HACKATHON\JolBondhuApp\node_modules\@babel\parser\lib\index.js:6599:19)
      at JSXParserMixin.unexpected (D:\HACKATHON\JolBondhuApp\node_modules\@babel\parser\lib\index.js:6619:16)
      at JSXParserMixin.expect (D:\HACKATHON\JolBondhuApp\node_modules\@babel\parser\lib\index.js:6899:12)
      at JSXParserMixin.parseConditional (D:\HACKATHON\JolBondhuApp\node_modules\@babel\parser\lib\index.js:10882:12)
      at JSXParserMixin.parseMaybeConditional (D:\HACKATHON\JolBondhuApp\node_modules\@babel\parser\lib\index.js:10875:17)
      at JSXParserMixin.parseMaybeAssign (D:\HACKATHON\JolBondhuApp\node_modules\@babel\parser\lib\index.js:10821:21)
      at JSXParserMixin.parseExpressionBase (D:\HACKATHON\JolBondhuApp\node_modules\@babel\parser\lib\index.js:10774:23)
      at D:\HACKATHON\JolBondhuApp\node_modules\@babel\parser\lib\index.js:10770:39
      at JSXParserMixin.allowInAnd (D:\HACKATHON\JolBondhuApp\node_modules\@babel\parser\lib\index.js:12416:12)
      at JSXParserMixin.parseExpression (D:\HACKATHON\JolBondhuApp\node_modules\@babel\parser\lib\index.js:10770:17)
      at JSXParserMixin.jsxParseExpressionContainer (D:\HACKATHON\JolBondhuApp\node_modules\@babel\parser\lib\index.js:4632:31)
      at JSXParserMixin.jsxParseElementAt (D:\HACKATHON\JolBondhuApp\node_modules\@babel\parser\lib\index.js:4711:36)
      at JSXParserMixin.jsxParseElementAt (D:\HACKATHON\JolBondhuApp\node_modules\@babel\parser\lib\index.js:4698:32)
      at JSXParserMixin.jsxParseElement (D:\HACKATHON\JolBondhuApp\node_modules\@babel\parser\lib\index.js:4749:17)
      at JSXParserMixin.parseExprAtom (D:\HACKATHON\JolBondhuApp\node_modules\@babel\parser\lib\index.js:4759:19)
      at JSXParserMixin.parseExprSubscripts (D:\HACKATHON\JolBondhuApp\node_modules\@babel\parser\lib\index.js:11071:23)
      at JSXParserMixin.parseUpdate (D:\HACKATHON\JolBondhuApp\node_modules\@babel\parser\lib\index.js:11056:21)
      at JSXParserMixin.parseMaybeUnary (D:\HACKATHON\JolBondhuApp\node_modules\@babel\parser\lib\index.js:11036:23)
      at JSXParserMixin.parseMaybeUnaryOrPrivate (D:\HACKATHON\JolBondhuApp\node_modules\@babel\parser\lib\index.js:10889:61)
      at JSXParserMixin.parseExprOps (D:\HACKATHON\JolBondhuApp\node_modules\@babel\parser\lib\index.js:10894:23)
      at JSXParserMixin.parseMaybeConditional (D:\HACKATHON\JolBondhuApp\node_modules\@babel\parser\lib\index.js:10871:23)
      at JSXParserMixin.parseMaybeAssign (D:\HACKATHON\JolBondhuApp\node_modules\@babel\parser\lib\index.js:10821:21)
      at D:\HACKATHON\JolBondhuApp\node_modules\@babel\parser\lib\index.js:10790:39
      at JSXParserMixin.allowInAnd (D:\HACKATHON\JolBondhuApp\node_modules\@babel\parser\lib\index.js:12416:12)
      at JSXParserMixin.parseMaybeAssignAllowIn (D:\HACKATHON\JolBondhuApp\node_modules\@babel\parser\lib\index.js:10790:17)
      at JSXParserMixin.parseMaybeAssignAllowInOrVoidPattern (D:\HACKATHON\JolBondhuApp\node_modules\@babel\parser\lib\index.js:12483:17)
      at JSXParserMixin.parseParenAndDistinguishExpression (D:\HACKATHON\JolBondhuApp\node_modules\@babel\parser\lib\index.js:11665:28)
      at JSXParserMixin.parseExprAtom (D:\HACKATHON\JolBondhuApp\node_modules\@babel\parser\lib\index.js:11321:23)
      at JSXParserMixin.parseExprAtom (D:\HACKATHON\JolBondhuApp\node_modules\@babel\parser\lib\index.js:4764:20)
      at JSXParserMixin.parseExprSubscripts (D:\HACKATHON\JolBondhuApp\node_modules\@babel\parser\lib\index.js:11071:23)
      at JSXParserMixin.parseUpdate (D:\HACKATHON\JolBondhuApp\node_modules\@babel\parser\lib\index.js:11056:21)
      at JSXParserMixin.parseMaybeUnary (D:\HACKATHON\JolBondhuApp\node_modules\@babel\parser\lib\index.js:11036:23)
      at JSXParserMixin.parseMaybeUnaryOrPrivate (D:\HACKATHON\JolBondhuApp\node_modules\@babel\parser\lib\index.js:10889:61)
      at JSXParserMixin.parseExprOps (D:\HACKATHON\JolBondhuApp\node_modules\@babel\parser\lib\index.js:10894:23)
      at JSXParserMixin.parseMaybeConditional (D:\HACKATHON\JolBondhuApp\node_modules\@babel\parser\lib\index.js:10871:23)
      at JSXParserMixin.parseMaybeAssign (D:\HACKATHON\JolBondhuApp\node_modules\@babel\parser\lib\index.js:10821:21)
      at JSXParserMixin.parseExpressionBase (D:\HACKATHON\JolBondhuApp\node_modules\@babel\parser\lib\index.js:10774:23)
      at D:\HACKATHON\JolBondhuApp\node_modules\@babel\parser\lib\index.js:10770:39
      at JSXParserMixin.allowInAnd (D:\HACKATHON\JolBondhuApp\node_modules\@babel\parser\lib\index.js:12411:16)
      at JSXParserMixin.parseExpression (D:\HACKATHON\JolBondhuApp\node_modules\@babel\parser\lib\index.js:10770:17)
      at JSXParserMixin.parseReturnStatement (D:\HACKATHON\JolBondhuApp\node_modules\@babel\parser\lib\index.js:13132:28)
      at JSXParserMixin.parseStatementContent (D:\HACKATHON\JolBondhuApp\node_modules\@babel\parser\lib\index.js:12788:21)
      at JSXParserMixin.parseStatementLike (D:\HACKATHON\JolBondhuApp\node_modules\@babel\parser\lib\index.js:12757:17)
      at JSXParserMixin.parseStatementListItem (D:\HACKATHON\JolBondhuApp\node_modules\@babel\parser\lib\index.js:12737:17)
      at JSXParserMixin.parseSwitchStatement (D:\HACKATHON\JolBondhuApp\node_modules\@babel\parser\lib\index.js:13164:36)
      at JSXParserMixin.parseStatementContent (D:\HACKATHON\JolBondhuApp\node_modules\@babel\parser\lib\index.js:12790:21)
      at JSXParserMixin.parseStatementLike (D:\HACKATHON\JolBondhuApp\node_modules\@babel\parser\lib\index.js:12757:17)
      at JSXParserMixin.parseStatementListItem (D:\HACKATHON\JolBondhuApp\node_modules\@babel\parser\lib\index.js:12737:17)
      at JSXParserMixin.parseBlockOrModuleBlockBody (D:\HACKATHON\JolBondhuApp\node_modules\@babel\parser\lib\index.js:13306:61)

D:\HACKATHON\JolBondhuApp>